core   0: 0x0000000080000000 (0x00010f97) auipc   t6, 0x10
core   0: 3 0x0000000080000000 (0x00010f97) x31 0x0000000080010000
core   0: 0x0000000080000004 (0x000f8f93) mv      t6, t6
core   0: 3 0x0000000080000004 (0x000f8f93) x31 0x0000000080010000
core   0: 0x0000000080000008 (0x000fb083) ld      ra, 0(t6)
core   0: 3 0x0000000080000008 (0x000fb083) x 1 0x20732aa25c34dfb8 mem 0x0000000080010000
core   0: 0x000000008000000c (0x008fb103) ld      sp, 8(t6)
core   0: 3 0x000000008000000c (0x008fb103) x 2 0x9349af37527fc4e9 mem 0x0000000080010008
core   0: 0x0000000080000010 (0x010fb183) ld      gp, 16(t6)
core   0: 3 0x0000000080000010 (0x010fb183) x 3 0xee206af421e1b590 mem 0x0000000080010010
core   0: 0x0000000080000014 (0x018fb203) ld      tp, 24(t6)
core   0: 3 0x0000000080000014 (0x018fb203) x 4 0xbfcbfeb1ac0fd56f mem 0x0000000080010018
core   0: 0x0000000080000018 (0x020fb283) ld      t0, 32(t6)
core   0: 3 0x0000000080000018 (0x020fb283) x 5 0x0429a50398a72394 mem 0x0000000080010020
core   0: 0x000000008000001c (0x028fb303) ld      t1, 40(t6)
core   0: 3 0x000000008000001c (0x028fb303) x 6 0xfb738373a0effd60 mem 0x0000000080010028
core   0: 0x0000000080000020 (0x030fb383) ld      t2, 48(t6)
core   0: 3 0x0000000080000020 (0x030fb383) x 7 0xf0558384ef6d6b2a mem 0x0000000080010030
core   0: 0x0000000080000024 (0x038fb403) ld      s0, 56(t6)
core   0: 3 0x0000000080000024 (0x038fb403) x 8 0x0eb5f2627dcf46cb mem 0x0000000080010038
core   0: 0x0000000080000028 (0x040fb483) ld      s1, 64(t6)
core   0: 3 0x0000000080000028 (0x040fb483) x 9 0xa1d0ddd50a2267ea mem 0x0000000080010040
core   0: 0x000000008000002c (0x048fb503) ld      a0, 72(t6)
core   0: 3 0x000000008000002c (0x048fb503) x10 0x02d2067fd9d62561 mem 0x0000000080010048
core   0: 0x0000000080000030 (0x050fb583) ld      a1, 80(t6)
core   0: 3 0x0000000080000030 (0x050fb583) x11 0x4bc38900af29b206 mem 0x0000000080010050
core   0: 0x0000000080000034 (0x058fb603) ld      a2, 88(t6)
core   0: 3 0x0000000080000034 (0x058fb603) x12 0x1496ab4f4baa8e59 mem 0x0000000080010058
core   0: 0x0000000080000038 (0x060fb683) ld      a3, 96(t6)
core   0: 3 0x0000000080000038 (0x060fb683) x13 0x3a0a6678eb5e0486 mem 0x0000000080010060
core   0: 0x000000008000003c (0x068fb703) ld      a4, 104(t6)
core   0: 3 0x000000008000003c (0x068fb703) x14 0xb9ed2d73ab761a14 mem 0x0000000080010068
core   0: 0x0000000080000040 (0x070fb783) ld      a5, 112(t6)
core   0: 3 0x0000000080000040 (0x070fb783) x15 0x1b49d9312638909c mem 0x0000000080010070
core   0: 0x0000000080000044 (0x078fb803) ld      a6, 120(t6)
core   0: 3 0x0000000080000044 (0x078fb803) x16 0x6bc130f3b9cf2e20 mem 0x0000000080010078
core   0: 0x0000000080000048 (0x080fb883) ld      a7, 128(t6)
core   0: 3 0x0000000080000048 (0x080fb883) x17 0x80f423d1b958976d mem 0x0000000080010080
core   0: 0x000000008000004c (0x088fb903) ld      s2, 136(t6)
core   0: 3 0x000000008000004c (0x088fb903) x18 0x8226813f31255172 mem 0x0000000080010088
core   0: 0x0000000080000050 (0x090fb983) ld      s3, 144(t6)
core   0: 3 0x0000000080000050 (0x090fb983) x19 0xc8d2f6bd771ea797 mem 0x0000000080010090
core   0: 0x0000000080000054 (0x098fba03) ld      s4, 152(t6)
core   0: 3 0x0000000080000054 (0x098fba03) x20 0x03ffe79742765914 mem 0x0000000080010098
core   0: 0x0000000080000058 (0x0a0fba83) ld      s5, 160(t6)
core   0: 3 0x0000000080000058 (0x0a0fba83) x21 0xb46361c82aadc484 mem 0x00000000800100a0
core   0: 0x000000008000005c (0x0a8fbb03) ld      s6, 168(t6)
core   0: 3 0x000000008000005c (0x0a8fbb03) x22 0x3d6a73797ad7074e mem 0x00000000800100a8
core   0: 0x0000000080000060 (0x0b0fbb83) ld      s7, 176(t6)
core   0: 3 0x0000000080000060 (0x0b0fbb83) x23 0x71b30b4fd9359410 mem 0x00000000800100b0
core   0: 0x0000000080000064 (0x0b8fbc03) ld      s8, 184(t6)
core   0: 3 0x0000000080000064 (0x0b8fbc03) x24 0xf7414cb6a9bac71c mem 0x00000000800100b8
core   0: 0x0000000080000068 (0x0c0fbc83) ld      s9, 192(t6)
core   0: 3 0x0000000080000068 (0x0c0fbc83) x25 0xb00683f9b364af25 mem 0x00000000800100c0
core   0: 0x000000008000006c (0x0c8fbd03) ld      s10, 200(t6)
core   0: 3 0x000000008000006c (0x0c8fbd03) x26 0x02b66b8d0022f93a mem 0x00000000800100c8
core   0: 0x0000000080000070 (0x0d0fbd83) ld      s11, 208(t6)
core   0: 3 0x0000000080000070 (0x0d0fbd83) x27 0x3c203357646b1a4e mem 0x00000000800100d0
core   0: 0x0000000080000074 (0x0d8fbe03) ld      t3, 216(t6)
core   0: 3 0x0000000080000074 (0x0d8fbe03) x28 0xcc24c9fb13512c3c mem 0x00000000800100d8
core   0: 0x0000000080000078 (0x0e0fbe83) ld      t4, 224(t6)
core   0: 3 0x0000000080000078 (0x0e0fbe83) x29 0x7649bbe7117aedfb mem 0x00000000800100e0
core   0: 0x000000008000007c (0x0e8fbf03) ld      t5, 232(t6)
core   0: 3 0x000000008000007c (0x0e8fbf03) x30 0x2720745fa70314de mem 0x00000000800100e8
core   0: 0x0000000080000080 (0x0f0fbf83) ld      t6, 240(t6)
core   0: 3 0x0000000080000080 (0x0f0fbf83) x31 0xc89b5ee256ce4adb mem 0x00000000800100f0
core   0: 0x0000000080000084 (0x21d0006f) j       pc + 0xa1c
core   0: 3 0x0000000080000084 (0x21d0006f)
core   0: 0x0000000080000aa0 (0x30005073) csrwi   mstatus, 0
core   0: 3 0x0000000080000aa0 (0x30005073) c768_mstatus 0x0000000a00000000
core   0: 0x0000000080000aa4 (0xf1402573) csrr    a0, mhartid
core   0: 3 0x0000000080000aa4 (0xf1402573) x10 0x0000000000000000
core   0: 0x0000000080000aa8 (0x0000e101) c.bnez  a0, pc + 0
core   0: 3 0x0000000080000aa8 (0xe101)
core   0: 0x0000000080000aaa (0x00000297) auipc   t0, 0x0
core   0: 3 0x0000000080000aaa (0x00000297) x 5 0x0000000080000aaa
core   0: 0x0000000080000aae (0x01a28293) addi    t0, t0, 26
core   0: 3 0x0000000080000aae (0x01a28293) x 5 0x0000000080000ac4
core   0: 0x0000000080000ab2 (0x30529073) csrw    mtvec, t0
core   0: 3 0x0000000080000ab2 (0x30529073) c773_mtvec 0x0000000080000ac4
core   0: 0x0000000080000ab6 (0x30205073) csrwi   medeleg, 0
core   0: 3 0x0000000080000ab6 (0x30205073) c770_medeleg 0x0000000000000000
core   0: 0x0000000080000aba (0x30305073) csrwi   mideleg, 0
core   0: 3 0x0000000080000aba (0x30305073) c771_mideleg 0x0000000000000000
core   0: 0x0000000080000abe (0x30405073) csrwi   mie, 0
core   0: 3 0x0000000080000abe (0x30405073) c772_mie 0x0000000000000000
core   0: 0x0000000080000ac2 (0x00000001) c.nop
core   0: 3 0x0000000080000ac2 (0x0001)
core   0: 0x0000000080000ac4 (0x00000297) auipc   t0, 0x0
core   0: 3 0x0000000080000ac4 (0x00000297) x 5 0x0000000080000ac4
core   0: 0x0000000080000ac8 (0x01028293) addi    t0, t0, 16
core   0: 3 0x0000000080000ac8 (0x01028293) x 5 0x0000000080000ad4
core   0: 0x0000000080000acc (0x30529073) csrw    mtvec, t0
core   0: 3 0x0000000080000acc (0x30529073) c773_mtvec 0x0000000080000ad4
core   0: 0x0000000080000ad0 (0x18005073) csrwi   satp, 0
core   0: 3 0x0000000080000ad0 (0x18005073) c384_satp 0x0000000000000000
core   0: 0x0000000080000ad4 (0xfffff297) auipc   t0, 0xfffff
core   0: 3 0x0000000080000ad4 (0xfffff297) x 5 0x000000007ffffad4
core   0: 0x0000000080000ad8 (0x65c28293) addi    t0, t0, 1628
core   0: 3 0x0000000080000ad8 (0x65c28293) x 5 0x0000000080000130
core   0: 0x0000000080000adc (0x30529073) csrw    mtvec, t0
core   0: 3 0x0000000080000adc (0x30529073) c773_mtvec 0x0000000080000130
core   0: 0x0000000080000ae0 (0x00004181) c.li    gp, 0
core   0: 3 0x0000000080000ae0 (0x4181) x 3 0x0000000000000000
core   0: 0x0000000080000ae2 (0x00004505) c.li    a0, 1
core   0: 3 0x0000000080000ae2 (0x4505) x10 0x0000000000000001
core   0: 0x0000000080000ae4 (0x0000057e) c.slli  a0, 31
core   0: 3 0x0000000080000ae4 (0x057e) x10 0x0000000080000000
core   0: 0x0000000080000ae6 (0x00055a63) bgez    a0, pc + 20
core   0: 3 0x0000000080000ae6 (0x00055a63)
core   0: 0x0000000080000afa (0xfffff297) auipc   t0, 0xfffff
core   0: 3 0x0000000080000afa (0xfffff297) x 5 0x000000007ffffafa
core   0: 0x0000000080000afe (0x62628293) addi    t0, t0, 1574
core   0: 3 0x0000000080000afe (0x62628293) x 5 0x0000000080000120
core   0: 0x0000000080000b02 (0x10529073) csrw    stvec, t0
core   0: 3 0x0000000080000b02 (0x10529073) c261_stvec 0x0000000080000120
core   0: 0x0000000080000b06 (0x000062ad) c.lui   t0, 0xb
core   0: 3 0x0000000080000b06 (0x62ad) x 5 0x000000000000b000
core   0: 0x0000000080000b08 (0x1092829b) addiw   t0, t0, 265
core   0: 3 0x0000000080000b08 (0x1092829b) x 5 0x000000000000b109
core   0: 0x0000000080000b0c (0x3022a073) csrs    medeleg, t0
core   0: 3 0x0000000080000b0c (0x3022a073) c770_medeleg 0x000000000000b109
core   0: 0x0000000080000b10 (0x00006519) c.lui   a0, 0x6
core   0: 3 0x0000000080000b10 (0x6519) x10 0x0000000000006000
core   0: 0x0000000080000b12 (0x30052073) csrs    mstatus, a0
core   0: 3 0x0000000080000b12 (0x30052073) c768_mstatus 0x8000000a00006000
core   0: 0x0000000080000b16 (0x00305073) csrwi   fcsr, 0
core   0: 3 0x0000000080000b16 (0x00305073) c2_frm 0x0000000000000000 c1_fflags 0x0000000000000000 c768_mstatus 0x8000000a00006000
core   0: 0x0000000080000b1a (0xd6eff0ef) jal     pc - 0xa92
core   0: 3 0x0000000080000b1a (0xd6eff0ef) x 1 0x0000000080000b1e
core   0: 0x0000000080000088 (0x00020f97) auipc   t6, 0x20
core   0: 3 0x0000000080000088 (0x00020f97) x31 0x0000000080020088
core   0: 0x000000008000008c (0xf78f8f93) addi    t6, t6, -136
core   0: 3 0x000000008000008c (0xf78f8f93) x31 0x0000000080020000
core   0: 0x0000000080000090 (0x000fa007) flw     ft0, 0(t6)
core   0: 3 0x0000000080000090 (0x000fa007) c768_mstatus 0x8000000a00006000 f 0 0xffffffff3a0c3c97 mem 0x0000000080020000
core   0: 0x0000000080000094 (0x008fa087) flw     ft1, 8(t6)
core   0: 3 0x0000000080000094 (0x008fa087) c768_mstatus 0x8000000a00006000 f 1 0xffffffff8e57d36b mem 0x0000000080020008
core   0: 0x0000000080000098 (0x010fa107) flw     ft2, 16(t6)
core   0: 3 0x0000000080000098 (0x010fa107) c768_mstatus 0x8000000a00006000 f 2 0xffffffff9a4f16d9 mem 0x0000000080020010
core   0: 0x000000008000009c (0x018fb187) fld     ft3, 24(t6)
core   0: 3 0x000000008000009c (0x018fb187) c768_mstatus 0x8000000a00006000 f 3 0x1ff401c1e713d257 mem 0x0000000080020018
core   0: 0x00000000800000a0 (0x020fb207) fld     ft4, 32(t6)
core   0: 3 0x00000000800000a0 (0x020fb207) c768_mstatus 0x8000000a00006000 f 4 0x8b2c6c87df194d04 mem 0x0000000080020020
core   0: 0x00000000800000a4 (0x028fb287) fld     ft5, 40(t6)
core   0: 3 0x00000000800000a4 (0x028fb287) c768_mstatus 0x8000000a00006000 f 5 0x08a3988706fd38ae mem 0x0000000080020028
core   0: 0x00000000800000a8 (0x030fb307) fld     ft6, 48(t6)
core   0: 3 0x00000000800000a8 (0x030fb307) c768_mstatus 0x8000000a00006000 f 6 0x97763d6909963aeb mem 0x0000000080020030
core   0: 0x00000000800000ac (0x038fa387) flw     ft7, 56(t6)
core   0: 3 0x00000000800000ac (0x038fa387) c768_mstatus 0x8000000a00006000 f 7 0xffffffffc487f675 mem 0x0000000080020038
core   0: 0x00000000800000b0 (0x040fb407) fld     fs0, 64(t6)
core   0: 3 0x00000000800000b0 (0x040fb407) c768_mstatus 0x8000000a00006000 f 8 0xf040f68f4b160179 mem 0x0000000080020040
core   0: 0x00000000800000b4 (0x048fb487) fld     fs1, 72(t6)
core   0: 3 0x00000000800000b4 (0x048fb487) c768_mstatus 0x8000000a00006000 f 9 0x65e1c3efba5f7a10 mem 0x0000000080020048
core   0: 0x00000000800000b8 (0x050fa507) flw     fa0, 80(t6)
core   0: 3 0x00000000800000b8 (0x050fa507) c768_mstatus 0x8000000a00006000 f10 0xffffffff17f3b583 mem 0x0000000080020050
core   0: 0x00000000800000bc (0x058fb587) fld     fa1, 88(t6)
core   0: 3 0x00000000800000bc (0x058fb587) c768_mstatus 0x8000000a00006000 f11 0xf827120ee3a2b0f1 mem 0x0000000080020058
core   0: 0x00000000800000c0 (0x060fb607) fld     fa2, 96(t6)
core   0: 3 0x00000000800000c0 (0x060fb607) c768_mstatus 0x8000000a00006000 f12 0x6eeb20a60c5f9a83 mem 0x0000000080020060
core   0: 0x00000000800000c4 (0x068fb687) fld     fa3, 104(t6)
core   0: 3 0x00000000800000c4 (0x068fb687) c768_mstatus 0x8000000a00006000 f13 0xf81ac13f2c439f77 mem 0x0000000080020068
core   0: 0x00000000800000c8 (0x070fa707) flw     fa4, 112(t6)
core   0: 3 0x00000000800000c8 (0x070fa707) c768_mstatus 0x8000000a00006000 f14 0xffffffff7c944b56 mem 0x0000000080020070
core   0: 0x00000000800000cc (0x078fb787) fld     fa5, 120(t6)
core   0: 3 0x00000000800000cc (0x078fb787) c768_mstatus 0x8000000a00006000 f15 0xef13ac7562c5f1a6 mem 0x0000000080020078
core   0: 0x00000000800000d0 (0x080fb807) fld     fa6, 128(t6)
core   0: 3 0x00000000800000d0 (0x080fb807) c768_mstatus 0x8000000a00006000 f16 0xfdbd698ba6714208 mem 0x0000000080020080
core   0: 0x00000000800000d4 (0x088fa887) flw     fa7, 136(t6)
core   0: 3 0x00000000800000d4 (0x088fa887) c768_mstatus 0x8000000a00006000 f17 0xffffffff76e7baeb mem 0x0000000080020088
core   0: 0x00000000800000d8 (0x090fa907) flw     fs2, 144(t6)
core   0: 3 0x00000000800000d8 (0x090fa907) c768_mstatus 0x8000000a00006000 f18 0xffffffffc5988ba6 mem 0x0000000080020090
core   0: 0x00000000800000dc (0x098fa987) flw     fs3, 152(t6)
core   0: 3 0x00000000800000dc (0x098fa987) c768_mstatus 0x8000000a00006000 f19 0xffffffff88f9a32a mem 0x0000000080020098
core   0: 0x00000000800000e0 (0x0a0fba07) fld     fs4, 160(t6)
core   0: 3 0x00000000800000e0 (0x0a0fba07) c768_mstatus 0x8000000a00006000 f20 0xb4cf3d26adc51d9b mem 0x00000000800200a0
core   0: 0x00000000800000e4 (0x0a8faa87) flw     fs5, 168(t6)
core   0: 3 0x00000000800000e4 (0x0a8faa87) c768_mstatus 0x8000000a00006000 f21 0xffffffffeac30ba5 mem 0x00000000800200a8
core   0: 0x00000000800000e8 (0x0b0fbb07) fld     fs6, 176(t6)
core   0: 3 0x00000000800000e8 (0x0b0fbb07) c768_mstatus 0x8000000a00006000 f22 0xad87014bbcb5e30a mem 0x00000000800200b0
core   0: 0x00000000800000ec (0x0b8fbb87) fld     fs7, 184(t6)
core   0: 3 0x00000000800000ec (0x0b8fbb87) c768_mstatus 0x8000000a00006000 f23 0x949e848573091900 mem 0x00000000800200b8
core   0: 0x00000000800000f0 (0x0c0fbc07) fld     fs8, 192(t6)
core   0: 3 0x00000000800000f0 (0x0c0fbc07) c768_mstatus 0x8000000a00006000 f24 0x7449b024fedbfef0 mem 0x00000000800200c0
core   0: 0x00000000800000f4 (0x0c8fbc87) fld     fs9, 200(t6)
core   0: 3 0x00000000800000f4 (0x0c8fbc87) c768_mstatus 0x8000000a00006000 f25 0xc21f02c651aa3081 mem 0x00000000800200c8
core   0: 0x00000000800000f8 (0x0d0fbd07) fld     fs10, 208(t6)
core   0: 3 0x00000000800000f8 (0x0d0fbd07) c768_mstatus 0x8000000a00006000 f26 0xe03de9871cb7e270 mem 0x00000000800200d0
core   0: 0x00000000800000fc (0x0d8fbd87) fld     fs11, 216(t6)
core   0: 3 0x00000000800000fc (0x0d8fbd87) c768_mstatus 0x8000000a00006000 f27 0x0baa6dca6ee2dd6f mem 0x00000000800200d8
core   0: 0x0000000080000100 (0x0e0fbe07) fld     ft8, 224(t6)
core   0: 3 0x0000000080000100 (0x0e0fbe07) c768_mstatus 0x8000000a00006000 f28 0x3dcb55c92f20ba43 mem 0x00000000800200e0
core   0: 0x0000000080000104 (0x0e8fae87) flw     ft9, 232(t6)
core   0: 3 0x0000000080000104 (0x0e8fae87) c768_mstatus 0x8000000a00006000 f29 0xffffffff040af867 mem 0x00000000800200e8
core   0: 0x0000000080000108 (0x0f0faf07) flw     ft10, 240(t6)
core   0: 3 0x0000000080000108 (0x0f0faf07) c768_mstatus 0x8000000a00006000 f30 0xffffffff6eec8d9a mem 0x00000000800200f0
core   0: 0x000000008000010c (0x0f8faf87) flw     ft11, 248(t6)
core   0: 3 0x000000008000010c (0x0f8faf87) c768_mstatus 0x8000000a00006000 f31 0xffffffff8b8b1a1e mem 0x00000000800200f8
core   0: 0x0000000080000110 (0x00008082) ret
core   0: 3 0x0000000080000110 (0x8082)
core   0: 0x0000000080000b1e (0xb0201073) csrw    minstret, zero
core   0: 3 0x0000000080000b1e (0xb0201073) c2818_minstret 0x0000000000000000
core   0: 0x0000000080000b22 (0xf1402573) csrr    a0, mhartid
core   0: 3 0x0000000080000b22 (0xf1402573) x10 0x0000000000000000
core   0: 0x0000000080000b26 (0x003fd573) csrrwi  a0, fcsr, 31
core   0: 3 0x0000000080000b26 (0x003fd573) x10 0x0000000000000000 c2_frm 0x0000000000000000 c1_fflags 0x000000000000001f c768_mstatus 0x8000000a00006000
core   0: 0x0000000080000b2a (0x00008f39) c.xor   a4, a4
core   0: 3 0x0000000080000b2a (0x8f39) x14 0x0000000000000000
core   0: 0x0000000080000b2c (0x0000450d) c.li    a0, 3
core   0: 3 0x0000000080000b2c (0x450d) x10 0x0000000000000003
core   0: 0x0000000080000b2e (0x00000516) c.slli  a0, 5
core   0: 3 0x0000000080000b2e (0x0516) x10 0x0000000000000060
core   0: 0x0000000080000b30 (0x0000972a) c.add   a4, a0
core   0: 3 0x0000000080000b30 (0x972a) x14 0x0000000000000060
core   0: 0x0000000080000b32 (0x18073573) csrrc   a0, satp, a4
core   0: 3 0x0000000080000b32 (0x18073573) x10 0x0000000000000000 c384_satp 0x0000000000000000
core   0: 0x0000000080000b36 (0x00008e31) c.xor   a2, a2
core   0: 3 0x0000000080000b36 (0x8e31) x12 0x0000000000000000
core   0: 0x0000000080000b38 (0x00004505) c.li    a0, 1
core   0: 3 0x0000000080000b38 (0x4505) x10 0x0000000000000001
core   0: 0x0000000080000b3a (0x0000054a) c.slli  a0, 18
core   0: 3 0x0000000080000b3a (0x054a) x10 0x0000000000040000
core   0: 0x0000000080000b3c (0x0000962a) c.add   a2, a0
core   0: 3 0x0000000080000b3c (0x962a) x12 0x0000000000040000
core   0: 0x0000000080000b3e (0x0000460d) c.li    a2, 3
core   0: 3 0x0000000080000b3e (0x460d) x12 0x0000000000000003
core   0: 0x0000000080000b40 (0x0000066e) c.slli  a2, 27
core   0: 3 0x0000000080000b40 (0x066e) x12 0x0000000018000000
core   0: 0x0000000080000b42 (0x00009632) c.add   a2, a2
core   0: 3 0x0000000080000b42 (0x9632) x12 0x0000000030000000
core   0: 0x0000000080000b44 (0x304626f3) csrrs   a3, mie, a2
core   0: 3 0x0000000080000b44 (0x304626f3) x13 0x0000000000000000 c772_mie 0x0000000000000000
core   0: 0x0000000080000b48 (0x00000297) auipc   t0, 0x0
core   0: 3 0x0000000080000b48 (0x00000297) x 5 0x0000000080000b48
core   0: 0x0000000080000b4c (0x03828293) addi    t0, t0, 56
core   0: 3 0x0000000080000b4c (0x03828293) x 5 0x0000000080000b80
core   0: 0x0000000080000b50 (0x34129073) csrw    mepc, t0
core   0: 3 0x0000000080000b50 (0x34129073) c833_mepc 0x0000000080000b80
core   0: 0x0000000080000b54 (0x00004281) c.li    t0, 0
core   0: 3 0x0000000080000b54 (0x4281) x 5 0x0000000000000000
core   0: 0x0000000080000b56 (0x30200073) mret
core   0: 3 0x0000000080000b56 (0x30200073) c768_mstatus 0x8000000a00006080
core   0: 0x0000000080000b80 (0x0003f617) auipc   a2, 0x3f
core   0: 0 0x0000000080000b80 (0x0003f617) x12 0x000000008003fb80
core   0: 0x0000000080000b84 (0x5e060613) addi    a2, a2, 1504
core   0: 0 0x0000000080000b84 (0x5e060613) x12 0x0000000080040160
core   0: 0x0000000080000b88 (0x00000661) c.addi  a2, 24
core   0: 0 0x0000000080000b88 (0x0661) x12 0x0000000080040178
core   0: 0x0000000080000b8a (0xa0f636af) amomax.d a3, a5, (a2)
core   0: 0 0x0000000080000b8a (0xa0f636af) x13 0x0c7f7e153655f733 mem 0x0000000080040178 mem 0x0000000080040178 0x1b49d9312638909c
core   0: 0x0000000080000b8e (0xc039b153) fcvt.lu.s sp, fs3
core   0: 0 0x0000000080000b8e (0xc039b153) c1_fflags 0x000000000000001f c768_mstatus 0x8000000a00006080 x 2 0x0000000000000000
core   0: 0x0000000080000b92 (0x414888bb) subw    a7, a7, s4
core   0: 0 0x0000000080000b92 (0x414888bb) x17 0x0000000076e23e59
core   0: 0x0000000080000b96 (0xc2099d53) fcvt.w.d s10, fs3
core   0: 0 0x0000000080000b96 (0xc2099d53) c1_fflags 0x000000000000001f c768_mstatus 0x8000000a00006080 x26 0x000000007fffffff
core   0: 0x0000000080000b9a (0x03d31eb3) mulh    t4, t1, t4
core   0: 0 0x0000000080000b9a (0x03d31eb3) x29 0xfde5ef310e1913ab
core   0: 0x0000000080000b9e (0x01d59513) slli    a0, a1, 29
core   0: 0 0x0000000080000b9e (0x01d59513) x10 0x15e53640c0000000
core   0: 0x0000000080000ba2 (0x00004705) c.li    a4, 1
core   0: 0 0x0000000080000ba2 (0x4705) x14 0x0000000000000001
core   0: 0x0000000080000ba4 (0x00002e97) auipc   t4, 0x2
core   0: 0 0x0000000080000ba4 (0x00002e97) x29 0x0000000080002ba4
core   0: 0x0000000080000ba8 (0x83ce8e93) addi    t4, t4, -1988
core   0: 0 0x0000000080000ba8 (0x83ce8e93) x29 0x00000000800023e0
core   0: 0x0000000080000bac (0x00000ee1) c.addi  t4, 24
core   0: 0 0x0000000080000bac (0x0ee1) x29 0x00000000800023f8
core   0: 0x0000000080000bae (0x13d70073) sfence.vma a4, t4
core   0: exception trap_illegal_instruction, epc 0x0000000080000bae
core   0:           tval 0x0000000013d70073
core   0: 0x0000000080000130 (0x00002097) auipc   ra, 0x2
core   0: 3 0x0000000080000130 (0x00002097) x 1 0x0000000080002130
core   0: 0x0000000080000134 (0x0d008093) addi    ra, ra, 208
core   0: 3 0x0000000080000134 (0x0d008093) x 1 0x0000000080002200
core   0: 0x0000000080000138 (0x10002173) csrr    sp, sstatus
core   0: 3 0x0000000080000138 (0x10002173) x 2 0x8000000200006000
core   0: 0x000000008000013c (0x0420bc23) sd      sp, 88(ra)
core   0: 3 0x000000008000013c (0x0420bc23) mem 0x0000000080002258 0x8000000200006000
core   0: 0x0000000080000140 (0x10402173) csrr    sp, sie
core   0: 3 0x0000000080000140 (0x10402173) x 2 0x0000000000000000
core   0: 0x0000000080000144 (0x0620b823) sd      sp, 112(ra)
core   0: 3 0x0000000080000144 (0x0620b823) mem 0x0000000080002270 0x0000000000000000
core   0: 0x0000000080000148 (0x10502173) csrr    sp, stvec
core   0: 3 0x0000000080000148 (0x10502173) x 2 0x0000000080000120
core   0: 0x000000008000014c (0x0620bc23) sd      sp, 120(ra)
core   0: 3 0x000000008000014c (0x0620bc23) mem 0x0000000080002278 0x0000000080000120
core   0: 0x0000000080000150 (0x10602173) csrr    sp, scounteren
core   0: 3 0x0000000080000150 (0x10602173) x 2 0x0000000000000000
core   0: 0x0000000080000154 (0x0820b023) sd      sp, 128(ra)
core   0: 3 0x0000000080000154 (0x0820b023) mem 0x0000000080002280 0x0000000000000000
core   0: 0x0000000080000158 (0x14002173) csrr    sp, sscratch
core   0: 3 0x0000000080000158 (0x14002173) x 2 0x0000000000000000
core   0: 0x000000008000015c (0x0820b423) sd      sp, 136(ra)
core   0: 3 0x000000008000015c (0x0820b423) mem 0x0000000080002288 0x0000000000000000
core   0: 0x0000000080000160 (0x14102173) csrr    sp, sepc
core   0: 3 0x0000000080000160 (0x14102173) x 2 0x0000000000000000
core   0: 0x0000000080000164 (0x0820b823) sd      sp, 144(ra)
core   0: 3 0x0000000080000164 (0x0820b823) mem 0x0000000080002290 0x0000000000000000
core   0: 0x0000000080000168 (0x14202173) csrr    sp, scause
core   0: 3 0x0000000080000168 (0x14202173) x 2 0x0000000000000000
core   0: 0x000000008000016c (0x0820bc23) sd      sp, 152(ra)
core   0: 3 0x000000008000016c (0x0820bc23) mem 0x0000000080002298 0x0000000000000000
core   0: 0x0000000080000170 (0x14302173) csrr    sp, stval
core   0: 3 0x0000000080000170 (0x14302173) x 2 0x0000000000000000
core   0: 0x0000000080000174 (0x0a20b023) sd      sp, 160(ra)
core   0: 3 0x0000000080000174 (0x0a20b023) mem 0x00000000800022a0 0x0000000000000000
core   0: 0x0000000080000178 (0x14402173) csrr    sp, sip
core   0: 3 0x0000000080000178 (0x14402173) x 2 0x0000000000000000
core   0: 0x000000008000017c (0xf7f17113) andi    sp, sp, -129
core   0: 3 0x000000008000017c (0xf7f17113) x 2 0x0000000000000000
core   0: 0x0000000080000180 (0x0a20b423) sd      sp, 168(ra)
core   0: 3 0x0000000080000180 (0x0a20b423) mem 0x00000000800022a8 0x0000000000000000
core   0: 0x0000000080000184 (0x18002173) csrr    sp, satp
core   0: 3 0x0000000080000184 (0x18002173) x 2 0x0000000000000000
core   0: 0x0000000080000188 (0x0a20b823) sd      sp, 176(ra)
core   0: 3 0x0000000080000188 (0x0a20b823) mem 0x00000000800022b0 0x0000000000000000
core   0: 0x000000008000018c (0xf1402173) csrr    sp, mhartid
core   0: 3 0x000000008000018c (0xf1402173) x 2 0x0000000000000000
core   0: 0x0000000080000190 (0x0a20bc23) sd      sp, 184(ra)
core   0: 3 0x0000000080000190 (0x0a20bc23) mem 0x00000000800022b8 0x0000000000000000
core   0: 0x0000000080000194 (0x30002173) csrr    sp, mstatus
core   0: 3 0x0000000080000194 (0x30002173) x 2 0x8000000a00006000
core   0: 0x0000000080000198 (0x0c20b023) sd      sp, 192(ra)
core   0: 3 0x0000000080000198 (0x0c20b023) mem 0x00000000800022c0 0x8000000a00006000
core   0: 0x000000008000019c (0x30202173) csrr    sp, medeleg
core   0: 3 0x000000008000019c (0x30202173) x 2 0x000000000000b109
core   0: 0x00000000800001a0 (0x0c20b423) sd      sp, 200(ra)
core   0: 3 0x00000000800001a0 (0x0c20b423) mem 0x00000000800022c8 0x000000000000b109
core   0: 0x00000000800001a4 (0x30302173) csrr    sp, mideleg
core   0: 3 0x00000000800001a4 (0x30302173) x 2 0x0000000000000000
core   0: 0x00000000800001a8 (0x0c20b823) sd      sp, 208(ra)
core   0: 3 0x00000000800001a8 (0x0c20b823) mem 0x00000000800022d0 0x0000000000000000
core   0: 0x00000000800001ac (0x30402173) csrr    sp, mie
core   0: 3 0x00000000800001ac (0x30402173) x 2 0x0000000000000000
core   0: 0x00000000800001b0 (0x0c20bc23) sd      sp, 216(ra)
core   0: 3 0x00000000800001b0 (0x0c20bc23) mem 0x00000000800022d8 0x0000000000000000
core   0: 0x00000000800001b4 (0x30502173) csrr    sp, mtvec
core   0: 3 0x00000000800001b4 (0x30502173) x 2 0x0000000080000130
core   0: 0x00000000800001b8 (0x0e20b023) sd      sp, 224(ra)
core   0: 3 0x00000000800001b8 (0x0e20b023) mem 0x00000000800022e0 0x0000000080000130
core   0: 0x00000000800001bc (0x30602173) csrr    sp, mcounteren
core   0: 3 0x00000000800001bc (0x30602173) x 2 0x0000000000000000
core   0: 0x00000000800001c0 (0x0e20b423) sd      sp, 232(ra)
core   0: 3 0x00000000800001c0 (0x0e20b423) mem 0x00000000800022e8 0x0000000000000000
core   0: 0x00000000800001c4 (0x34002173) csrr    sp, mscratch
core   0: 3 0x00000000800001c4 (0x34002173) x 2 0x0000000000000000
core   0: 0x00000000800001c8 (0x0e20b823) sd      sp, 240(ra)
core   0: 3 0x00000000800001c8 (0x0e20b823) mem 0x00000000800022f0 0x0000000000000000
core   0: 0x00000000800001cc (0x34102173) csrr    sp, mepc
core   0: 3 0x00000000800001cc (0x34102173) x 2 0x0000000080000bae
core   0: 0x00000000800001d0 (0x0e20bc23) sd      sp, 248(ra)
core   0: 3 0x00000000800001d0 (0x0e20bc23) mem 0x00000000800022f8 0x0000000080000bae
core   0: 0x00000000800001d4 (0x34202173) csrr    sp, mcause
core   0: 3 0x00000000800001d4 (0x34202173) x 2 0x0000000000000002
core   0: 0x00000000800001d8 (0x1020b023) sd      sp, 256(ra)
core   0: 3 0x00000000800001d8 (0x1020b023) mem 0x0000000080002300 0x0000000000000002
core   0: 0x00000000800001dc (0x34302173) csrr    sp, mtval
core   0: 3 0x00000000800001dc (0x34302173) x 2 0x0000000013d70073
