core   0: 0x0000000080000000 (0x00010f97) auipc   t6, 0x10
core   0: 3 0x0000000080000000 (0x00010f97) x31 0x0000000080010000
core   0: 0x0000000080000004 (0x000f8f93) mv      t6, t6
core   0: 3 0x0000000080000004 (0x000f8f93) x31 0x0000000080010000
core   0: 0x0000000080000008 (0x000fb083) ld      ra, 0(t6)
core   0: 3 0x0000000080000008 (0x000fb083) x 1 0x56e2d5bc25f5af1b mem 0x0000000080010000
core   0: 0x000000008000000c (0x008fb103) ld      sp, 8(t6)
core   0: 3 0x000000008000000c (0x008fb103) x 2 0x8c1849945cd79fb3 mem 0x0000000080010008
core   0: 0x0000000080000010 (0x010fb183) ld      gp, 16(t6)
core   0: 3 0x0000000080000010 (0x010fb183) x 3 0xdd075c3e95df7155 mem 0x0000000080010010
core   0: 0x0000000080000014 (0x018fb203) ld      tp, 24(t6)
core   0: 3 0x0000000080000014 (0x018fb203) x 4 0x314728548d57095d mem 0x0000000080010018
core   0: 0x0000000080000018 (0x020fb283) ld      t0, 32(t6)
core   0: 3 0x0000000080000018 (0x020fb283) x 5 0xd9c12f5dff9c975e mem 0x0000000080010020
core   0: 0x000000008000001c (0x028fb303) ld      t1, 40(t6)
core   0: 3 0x000000008000001c (0x028fb303) x 6 0x8a51e6b60afde102 mem 0x0000000080010028
core   0: 0x0000000080000020 (0x030fb383) ld      t2, 48(t6)
core   0: 3 0x0000000080000020 (0x030fb383) x 7 0x9564354ab13adb41 mem 0x0000000080010030
core   0: 0x0000000080000024 (0x038fb403) ld      s0, 56(t6)
core   0: 3 0x0000000080000024 (0x038fb403) x 8 0xd65c8a5829e7f1d6 mem 0x0000000080010038
core   0: 0x0000000080000028 (0x040fb483) ld      s1, 64(t6)
core   0: 3 0x0000000080000028 (0x040fb483) x 9 0x90e4f23ae8bf9614 mem 0x0000000080010040
core   0: 0x000000008000002c (0x048fb503) ld      a0, 72(t6)
core   0: 3 0x000000008000002c (0x048fb503) x10 0x1a390cc0157db465 mem 0x0000000080010048
core   0: 0x0000000080000030 (0x050fb583) ld      a1, 80(t6)
core   0: 3 0x0000000080000030 (0x050fb583) x11 0x993c2ef86b91e1f4 mem 0x0000000080010050
core   0: 0x0000000080000034 (0x058fb603) ld      a2, 88(t6)
core   0: 3 0x0000000080000034 (0x058fb603) x12 0xf3dc9c6d8145cce2 mem 0x0000000080010058
core   0: 0x0000000080000038 (0x060fb683) ld      a3, 96(t6)
core   0: 3 0x0000000080000038 (0x060fb683) x13 0x24130e28e00a4d86 mem 0x0000000080010060
core   0: 0x000000008000003c (0x068fb703) ld      a4, 104(t6)
core   0: 3 0x000000008000003c (0x068fb703) x14 0xe17b1e5a2cc0dbaf mem 0x0000000080010068
core   0: 0x0000000080000040 (0x070fb783) ld      a5, 112(t6)
core   0: 3 0x0000000080000040 (0x070fb783) x15 0xc586d5c45231dccb mem 0x0000000080010070
core   0: 0x0000000080000044 (0x078fb803) ld      a6, 120(t6)
core   0: 3 0x0000000080000044 (0x078fb803) x16 0x75436bd38f39fe21 mem 0x0000000080010078
core   0: 0x0000000080000048 (0x080fb883) ld      a7, 128(t6)
core   0: 3 0x0000000080000048 (0x080fb883) x17 0xca0808ed4d270c8a mem 0x0000000080010080
core   0: 0x000000008000004c (0x088fb903) ld      s2, 136(t6)
core   0: 3 0x000000008000004c (0x088fb903) x18 0xfe846bffc8325bca mem 0x0000000080010088
core   0: 0x0000000080000050 (0x090fb983) ld      s3, 144(t6)
core   0: 3 0x0000000080000050 (0x090fb983) x19 0xf0b25143ebebcd2c mem 0x0000000080010090
core   0: 0x0000000080000054 (0x098fba03) ld      s4, 152(t6)
core   0: 3 0x0000000080000054 (0x098fba03) x20 0x2742dc6122223c92 mem 0x0000000080010098
core   0: 0x0000000080000058 (0x0a0fba83) ld      s5, 160(t6)
core   0: 3 0x0000000080000058 (0x0a0fba83) x21 0x9b16bb800d4c4d7f mem 0x00000000800100a0
core   0: 0x000000008000005c (0x0a8fbb03) ld      s6, 168(t6)
core   0: 3 0x000000008000005c (0x0a8fbb03) x22 0x4ab4b8c34e6211f9 mem 0x00000000800100a8
core   0: 0x0000000080000060 (0x0b0fbb83) ld      s7, 176(t6)
core   0: 3 0x0000000080000060 (0x0b0fbb83) x23 0xbf6b3de8217e826d mem 0x00000000800100b0
core   0: 0x0000000080000064 (0x0b8fbc03) ld      s8, 184(t6)
core   0: 3 0x0000000080000064 (0x0b8fbc03) x24 0x9821983d9e7f3c5d mem 0x00000000800100b8
core   0: 0x0000000080000068 (0x0c0fbc83) ld      s9, 192(t6)
core   0: 3 0x0000000080000068 (0x0c0fbc83) x25 0x7ce2e1c2682cb148 mem 0x00000000800100c0
core   0: 0x000000008000006c (0x0c8fbd03) ld      s10, 200(t6)
core   0: 3 0x000000008000006c (0x0c8fbd03) x26 0x65622897dda13999 mem 0x00000000800100c8
core   0: 0x0000000080000070 (0x0d0fbd83) ld      s11, 208(t6)
core   0: 3 0x0000000080000070 (0x0d0fbd83) x27 0x0a00b7a7cd5b9729 mem 0x00000000800100d0
core   0: 0x0000000080000074 (0x0d8fbe03) ld      t3, 216(t6)
core   0: 3 0x0000000080000074 (0x0d8fbe03) x28 0xd0c088cca6e2f170 mem 0x00000000800100d8
core   0: 0x0000000080000078 (0x0e0fbe83) ld      t4, 224(t6)
core   0: 3 0x0000000080000078 (0x0e0fbe83) x29 0x1039c6bfe20b7045 mem 0x00000000800100e0
core   0: 0x000000008000007c (0x0e8fbf03) ld      t5, 232(t6)
core   0: 3 0x000000008000007c (0x0e8fbf03) x30 0x287faafc119f8a0b mem 0x00000000800100e8
core   0: 0x0000000080000080 (0x0f0fbf83) ld      t6, 240(t6)
core   0: 3 0x0000000080000080 (0x0f0fbf83) x31 0x5398c4a9f5b3bf4a mem 0x00000000800100f0
core   0: 0x0000000080000084 (0x21d0006f) j       pc + 0xa1c
core   0: 3 0x0000000080000084 (0x21d0006f)
core   0: 0x0000000080000aa0 (0x30005073) csrwi   mstatus, 0
core   0: 3 0x0000000080000aa0 (0x30005073) c768_mstatus 0x0000000a00000000
core   0: 0x0000000080000aa4 (0xf1402573) csrr    a0, mhartid
core   0: 3 0x0000000080000aa4 (0xf1402573) x10 0x0000000000000000
core   0: 0x0000000080000aa8 (0x0000e101) c.bnez  a0, pc + 0
core   0: 3 0x0000000080000aa8 (0xe101)
core   0: 0x0000000080000aaa (0x00000297) auipc   t0, 0x0
core   0: 3 0x0000000080000aaa (0x00000297) x 5 0x0000000080000aaa
core   0: 0x0000000080000aae (0x01a28293) addi    t0, t0, 26
core   0: 3 0x0000000080000aae (0x01a28293) x 5 0x0000000080000ac4
core   0: 0x0000000080000ab2 (0x30529073) csrw    mtvec, t0
core   0: 3 0x0000000080000ab2 (0x30529073) c773_mtvec 0x0000000080000ac4
core   0: 0x0000000080000ab6 (0x30205073) csrwi   medeleg, 0
core   0: 3 0x0000000080000ab6 (0x30205073) c770_medeleg 0x0000000000000000
core   0: 0x0000000080000aba (0x30305073) csrwi   mideleg, 0
core   0: 3 0x0000000080000aba (0x30305073) c771_mideleg 0x0000000000000000
core   0: 0x0000000080000abe (0x30405073) csrwi   mie, 0
core   0: 3 0x0000000080000abe (0x30405073) c772_mie 0x0000000000000000
core   0: 0x0000000080000ac2 (0x00000001) c.nop
core   0: 3 0x0000000080000ac2 (0x0001)
core   0: 0x0000000080000ac4 (0x00000297) auipc   t0, 0x0
core   0: 3 0x0000000080000ac4 (0x00000297) x 5 0x0000000080000ac4
core   0: 0x0000000080000ac8 (0x01028293) addi    t0, t0, 16
core   0: 3 0x0000000080000ac8 (0x01028293) x 5 0x0000000080000ad4
core   0: 0x0000000080000acc (0x30529073) csrw    mtvec, t0
core   0: 3 0x0000000080000acc (0x30529073) c773_mtvec 0x0000000080000ad4
core   0: 0x0000000080000ad0 (0x18005073) csrwi   satp, 0
core   0: 3 0x0000000080000ad0 (0x18005073) c384_satp 0x0000000000000000
core   0: 0x0000000080000ad4 (0xfffff297) auipc   t0, 0xfffff
core   0: 3 0x0000000080000ad4 (0xfffff297) x 5 0x000000007ffffad4
core   0: 0x0000000080000ad8 (0x65c28293) addi    t0, t0, 1628
core   0: 3 0x0000000080000ad8 (0x65c28293) x 5 0x0000000080000130
core   0: 0x0000000080000adc (0x30529073) csrw    mtvec, t0
core   0: 3 0x0000000080000adc (0x30529073) c773_mtvec 0x0000000080000130
core   0: 0x0000000080000ae0 (0x00004181) c.li    gp, 0
core   0: 3 0x0000000080000ae0 (0x4181) x 3 0x0000000000000000
core   0: 0x0000000080000ae2 (0x00004505) c.li    a0, 1
core   0: 3 0x0000000080000ae2 (0x4505) x10 0x0000000000000001
core   0: 0x0000000080000ae4 (0x0000057e) c.slli  a0, 31
core   0: 3 0x0000000080000ae4 (0x057e) x10 0x0000000080000000
core   0: 0x0000000080000ae6 (0x00055a63) bgez    a0, pc + 20
core   0: 3 0x0000000080000ae6 (0x00055a63)
core   0: 0x0000000080000afa (0xfffff297) auipc   t0, 0xfffff
core   0: 3 0x0000000080000afa (0xfffff297) x 5 0x000000007ffffafa
core   0: 0x0000000080000afe (0x62628293) addi    t0, t0, 1574
core   0: 3 0x0000000080000afe (0x62628293) x 5 0x0000000080000120
core   0: 0x0000000080000b02 (0x10529073) csrw    stvec, t0
core   0: 3 0x0000000080000b02 (0x10529073) c261_stvec 0x0000000080000120
core   0: 0x0000000080000b06 (0x000062ad) c.lui   t0, 0xb
core   0: 3 0x0000000080000b06 (0x62ad) x 5 0x000000000000b000
core   0: 0x0000000080000b08 (0x1092829b) addiw   t0, t0, 265
core   0: 3 0x0000000080000b08 (0x1092829b) x 5 0x000000000000b109
core   0: 0x0000000080000b0c (0x3022a073) csrs    medeleg, t0
core   0: 3 0x0000000080000b0c (0x3022a073) c770_medeleg 0x000000000000b109
core   0: 0x0000000080000b10 (0x00006521) c.lui   a0, 0x8
core   0: 3 0x0000000080000b10 (0x6521) x10 0x0000000000008000
core   0: 0x0000000080000b12 (0x8005051b) addiw   a0, a0, -2048
core   0: 3 0x0000000080000b12 (0x8005051b) x10 0x0000000000007800
core   0: 0x0000000080000b16 (0x30052073) csrs    mstatus, a0
core   0: 3 0x0000000080000b16 (0x30052073) c768_mstatus 0x8000000a00007800
core   0: 0x0000000080000b1a (0x00305073) csrwi   fcsr, 0
core   0: 3 0x0000000080000b1a (0x00305073) c2_frm 0x0000000000000000 c1_fflags 0x0000000000000000 c768_mstatus 0x8000000a00007800
core   0: 0x0000000080000b1e (0xd6aff0ef) jal     pc - 0xa96
core   0: 3 0x0000000080000b1e (0xd6aff0ef) x 1 0x0000000080000b22
core   0: 0x0000000080000088 (0x00020f97) auipc   t6, 0x20
core   0: 3 0x0000000080000088 (0x00020f97) x31 0x0000000080020088
core   0: 0x000000008000008c (0xf78f8f93) addi    t6, t6, -136
core   0: 3 0x000000008000008c (0xf78f8f93) x31 0x0000000080020000
core   0: 0x0000000080000090 (0x000fa007) flw     ft0, 0(t6)
core   0: 3 0x0000000080000090 (0x000fa007) c768_mstatus 0x8000000a00007800 f 0 0xffffffff2b20336e mem 0x0000000080020000
core   0: 0x0000000080000094 (0x008fa087) flw     ft1, 8(t6)
core   0: 3 0x0000000080000094 (0x008fa087) c768_mstatus 0x8000000a00007800 f 1 0xffffffff53ba4b31 mem 0x0000000080020008
core   0: 0x0000000080000098 (0x010fa107) flw     ft2, 16(t6)
core   0: 3 0x0000000080000098 (0x010fa107) c768_mstatus 0x8000000a00007800 f 2 0xfffffffffe08f3e4 mem 0x0000000080020010
core   0: 0x000000008000009c (0x018fb187) fld     ft3, 24(t6)
core   0: 3 0x000000008000009c (0x018fb187) c768_mstatus 0x8000000a00007800 f 3 0x673e6bae8a0beed9 mem 0x0000000080020018
core   0: 0x00000000800000a0 (0x020fb207) fld     ft4, 32(t6)
core   0: 3 0x00000000800000a0 (0x020fb207) c768_mstatus 0x8000000a00007800 f 4 0x26f35ae58c1fddf8 mem 0x0000000080020020
core   0: 0x00000000800000a4 (0x028fb287) fld     ft5, 40(t6)
core   0: 3 0x00000000800000a4 (0x028fb287) c768_mstatus 0x8000000a00007800 f 5 0xc82bcb742e987e27 mem 0x0000000080020028
core   0: 0x00000000800000a8 (0x030fb307) fld     ft6, 48(t6)
core   0: 3 0x00000000800000a8 (0x030fb307) c768_mstatus 0x8000000a00007800 f 6 0x13077c7bc1754eef mem 0x0000000080020030
core   0: 0x00000000800000ac (0x038fa387) flw     ft7, 56(t6)
core   0: 3 0x00000000800000ac (0x038fa387) c768_mstatus 0x8000000a00007800 f 7 0xffffffff6802888c mem 0x0000000080020038
core   0: 0x00000000800000b0 (0x040fb407) fld     fs0, 64(t6)
core   0: 3 0x00000000800000b0 (0x040fb407) c768_mstatus 0x8000000a00007800 f 8 0xc63196101305fb3b mem 0x0000000080020040
core   0: 0x00000000800000b4 (0x048fb487) fld     fs1, 72(t6)
core   0: 3 0x00000000800000b4 (0x048fb487) c768_mstatus 0x8000000a00007800 f 9 0x5d9c30234c08090d mem 0x0000000080020048
core   0: 0x00000000800000b8 (0x050fa507) flw     fa0, 80(t6)
core   0: 3 0x00000000800000b8 (0x050fa507) c768_mstatus 0x8000000a00007800 f10 0xffffffffd588df27 mem 0x0000000080020050
core   0: 0x00000000800000bc (0x058fb587) fld     fa1, 88(t6)
core   0: 3 0x00000000800000bc (0x058fb587) c768_mstatus 0x8000000a00007800 f11 0x003435a3720b8c37 mem 0x0000000080020058
core   0: 0x00000000800000c0 (0x060fb607) fld     fa2, 96(t6)
core   0: 3 0x00000000800000c0 (0x060fb607) c768_mstatus 0x8000000a00007800 f12 0x07a834e99913347c mem 0x0000000080020060
core   0: 0x00000000800000c4 (0x068fb687) fld     fa3, 104(t6)
core   0: 3 0x00000000800000c4 (0x068fb687) c768_mstatus 0x8000000a00007800 f13 0x22282d8be532c271 mem 0x0000000080020068
core   0: 0x00000000800000c8 (0x070fa707) flw     fa4, 112(t6)
core   0: 3 0x00000000800000c8 (0x070fa707) c768_mstatus 0x8000000a00007800 f14 0xfffffffffb062cff mem 0x0000000080020070
core   0: 0x00000000800000cc (0x078fb787) fld     fa5, 120(t6)
core   0: 3 0x00000000800000cc (0x078fb787) c768_mstatus 0x8000000a00007800 f15 0x0a76aaffa6797c4b mem 0x0000000080020078
core   0: 0x00000000800000d0 (0x080fb807) fld     fa6, 128(t6)
core   0: 3 0x00000000800000d0 (0x080fb807) c768_mstatus 0x8000000a00007800 f16 0x21d8383559a1fa4e mem 0x0000000080020080
core   0: 0x00000000800000d4 (0x088fa887) flw     fa7, 136(t6)
core   0: 3 0x00000000800000d4 (0x088fa887) c768_mstatus 0x8000000a00007800 f17 0xffffffff3f4da2fa mem 0x0000000080020088
core   0: 0x00000000800000d8 (0x090fa907) flw     fs2, 144(t6)
core   0: 3 0x00000000800000d8 (0x090fa907) c768_mstatus 0x8000000a00007800 f18 0xffffffff123de0e4 mem 0x0000000080020090
core   0: 0x00000000800000dc (0x098fa987) flw     fs3, 152(t6)
core   0: 3 0x00000000800000dc (0x098fa987) c768_mstatus 0x8000000a00007800 f19 0xffffffff549cc258 mem 0x0000000080020098
core   0: 0x00000000800000e0 (0x0a0fba07) fld     fs4, 160(t6)
core   0: 3 0x00000000800000e0 (0x0a0fba07) c768_mstatus 0x8000000a00007800 f20 0xb3eba1c14ac8a09c mem 0x00000000800200a0
core   0: 0x00000000800000e4 (0x0a8faa87) flw     fs5, 168(t6)
core   0: 3 0x00000000800000e4 (0x0a8faa87) c768_mstatus 0x8000000a00007800 f21 0xffffffffe2ef1e4f mem 0x00000000800200a8
core   0: 0x00000000800000e8 (0x0b0fbb07) fld     fs6, 176(t6)
core   0: 3 0x00000000800000e8 (0x0b0fbb07) c768_mstatus 0x8000000a00007800 f22 0x26a76153864a84f4 mem 0x00000000800200b0
core   0: 0x00000000800000ec (0x0b8fbb87) fld     fs7, 184(t6)
core   0: 3 0x00000000800000ec (0x0b8fbb87) c768_mstatus 0x8000000a00007800 f23 0x058bcf8ec911d441 mem 0x00000000800200b8
core   0: 0x00000000800000f0 (0x0c0fbc07) fld     fs8, 192(t6)
core   0: 3 0x00000000800000f0 (0x0c0fbc07) c768_mstatus 0x8000000a00007800 f24 0x83cb4fd08129c3c2 mem 0x00000000800200c0
core   0: 0x00000000800000f4 (0x0c8fbc87) fld     fs9, 200(t6)
core   0: 3 0x00000000800000f4 (0x0c8fbc87) c768_mstatus 0x8000000a00007800 f25 0xb5ba3a872ec74932 mem 0x00000000800200c8
core   0: 0x00000000800000f8 (0x0d0fbd07) fld     fs10, 208(t6)
core   0: 3 0x00000000800000f8 (0x0d0fbd07) c768_mstatus 0x8000000a00007800 f26 0xe46fc2655caa2979 mem 0x00000000800200d0
core   0: 0x00000000800000fc (0x0d8fbd87) fld     fs11, 216(t6)
core   0: 3 0x00000000800000fc (0x0d8fbd87) c768_mstatus 0x8000000a00007800 f27 0x2d30c763bcfd591d mem 0x00000000800200d8
core   0: 0x0000000080000100 (0x0e0fbe07) fld     ft8, 224(t6)
core   0: 3 0x0000000080000100 (0x0e0fbe07) c768_mstatus 0x8000000a00007800 f28 0xe6f64951a8cb31dd mem 0x00000000800200e0
core   0: 0x0000000080000104 (0x0e8fae87) flw     ft9, 232(t6)
core   0: 3 0x0000000080000104 (0x0e8fae87) c768_mstatus 0x8000000a00007800 f29 0xffffffff07b83a55 mem 0x00000000800200e8
core   0: 0x0000000080000108 (0x0f0faf07) flw     ft10, 240(t6)
core   0: 3 0x0000000080000108 (0x0f0faf07) c768_mstatus 0x8000000a00007800 f30 0xffffffff648ffcbe mem 0x00000000800200f0
core   0: 0x000000008000010c (0x0f8faf87) flw     ft11, 248(t6)
core   0: 3 0x000000008000010c (0x0f8faf87) c768_mstatus 0x8000000a00007800 f31 0xffffffff95a23a82 mem 0x00000000800200f8
core   0: 0x0000000080000110 (0x00008082) ret
core   0: 3 0x0000000080000110 (0x8082)
core   0: 0x0000000080000b22 (0xb0201073) csrw    minstret, zero
core   0: 3 0x0000000080000b22 (0xb0201073) c2818_minstret 0x0000000000000000
core   0: 0x0000000080000b26 (0xf1402573) csrr    a0, mhartid
core   0: 3 0x0000000080000b26 (0xf1402573) x10 0x0000000000000000
core   0: 0x0000000080000b2a (0x3005e673) csrrsi  a2, mstatus, 11
core   0: 3 0x0000000080000b2a (0x3005e673) x12 0x8000000a00007800 c768_mstatus 0x8000000a0000780a
core   0: 0x0000000080000b2e (0x00008e31) c.xor   a2, a2
core   0: 3 0x0000000080000b2e (0x8e31) x12 0x0000000000000000
core   0: 0x0000000080000b30 (0x00004705) c.li    a4, 1
core   0: 3 0x0000000080000b30 (0x4705) x14 0x0000000000000001
core   0: 0x0000000080000b32 (0x00000732) c.slli  a4, 12
core   0: 3 0x0000000080000b32 (0x0732) x14 0x0000000000001000
core   0: 0x0000000080000b34 (0x0000963a) c.add   a2, a4
core   0: 3 0x0000000080000b34 (0x963a) x12 0x0000000000001000
core   0: 0x0000000080000b36 (0x30061673) csrrw   a2, mstatus, a2
core   0: 3 0x0000000080000b36 (0x30061673) x12 0x8000000a0000780a c768_mstatus 0x0000000a00000000
core   0: 0x0000000080000b3a (0x100fd673) csrrwi  a2, sstatus, 31
core   0: 3 0x0000000080000b3a (0x100fd673) x12 0x0000000200000000 c768_mstatus 0x0000000a00000002
core   0: 0x0000000080000b3e (0x00000297) auipc   t0, 0x0
core   0: 3 0x0000000080000b3e (0x00000297) x 5 0x0000000080000b3e
core   0: 0x0000000080000b42 (0x04228293) addi    t0, t0, 66
core   0: 3 0x0000000080000b42 (0x04228293) x 5 0x0000000080000b80
core   0: 0x0000000080000b46 (0x34129073) csrw    mepc, t0
core   0: 3 0x0000000080000b46 (0x34129073) c833_mepc 0x0000000080000b80
core   0: 0x0000000080000b4a (0x00004281) c.li    t0, 0
core   0: 3 0x0000000080000b4a (0x4281) x 5 0x0000000000000000
core   0: 0x0000000080000b4c (0x30200073) mret
core   0: 3 0x0000000080000b4c (0x30200073) c768_mstatus 0x0000000a00000082
core   0: 0x0000000080000b80 (0x00c65b3b) srlw    s6, a2, a2
core   0: 0 0x0000000080000b80 (0x00c65b3b) x22 0x0000000000000000
core   0: 0x0000000080000b84 (0x0001fb17) auipc   s6, 0x1f
core   0: 0 0x0000000080000b84 (0x0001fb17) x22 0x000000008001fb84
core   0: 0x0000000080000b88 (0x5ecb0b13) addi    s6, s6, 1516
core   0: 0 0x0000000080000b88 (0x5ecb0b13) x22 0x0000000080020170
core   0: 0x0000000080000b8c (0x00001b21) c.addi  s6, -24
core   0: 0 0x0000000080000b8c (0x1b21) x22 0x0000000080020158
core   0: 0x0000000080000b8e (0x01cb352f) amoadd.d a0, t3, (s6)
core   0: 0 0x0000000080000b8e (0x01cb352f) x10 0x00551c2e23c1548e mem 0x0000000080020158 mem 0x0000000080020158 0xd115a4facaa445fe
core   0: 0x0000000080000b92 (0x00ce543b) srlw    s0, t3, a2
core   0: 0 0x0000000080000b92 (0x00ce543b) x 8 0xffffffffa6e2f170
core   0: 0x0000000080000b96 (0x0004fd17) auipc   s10, 0x4f
core   0: 0 0x0000000080000b96 (0x0004fd17) x26 0x000000008004fb96
core   0: 0x0000000080000b9a (0x5dad0d13) addi    s10, s10, 1498
core   0: 0 0x0000000080000b9a (0x5dad0d13) x26 0x0000000080050170
core   0: 0x0000000080000b9e (0xff6d5403) lhu     s0, -10(s10)
core   0: 0 0x0000000080000b9e (0xff6d5403) x 8 0x0000000000006a81 mem 0x0000000080050166
core   0: 0x0000000080000ba2 (0x5a0d1cd3) fsqrt.d fs9, fs10
core   0: exception trap_illegal_instruction, epc 0x0000000080000ba2
core   0:           tval 0x000000005a0d1cd3
core   0: 0x0000000080000130 (0x00003097) auipc   ra, 0x3
core   0: 3 0x0000000080000130 (0x00003097) x 1 0x0000000080003130
core   0: 0x0000000080000134 (0x0d008093) addi    ra, ra, 208
core   0: 3 0x0000000080000134 (0x0d008093) x 1 0x0000000080003200
core   0: 0x0000000080000138 (0x10002173) csrr    sp, sstatus
core   0: 3 0x0000000080000138 (0x10002173) x 2 0x0000000200000002
core   0: 0x000000008000013c (0x0420bc23) sd      sp, 88(ra)
core   0: 3 0x000000008000013c (0x0420bc23) mem 0x0000000080003258 0x0000000200000002
core   0: 0x0000000080000140 (0x10402173) csrr    sp, sie
core   0: 3 0x0000000080000140 (0x10402173) x 2 0x0000000000000000
core   0: 0x0000000080000144 (0x0620b823) sd      sp, 112(ra)
core   0: 3 0x0000000080000144 (0x0620b823) mem 0x0000000080003270 0x0000000000000000
core   0: 0x0000000080000148 (0x10502173) csrr    sp, stvec
core   0: 3 0x0000000080000148 (0x10502173) x 2 0x0000000080000120
core   0: 0x000000008000014c (0x0620bc23) sd      sp, 120(ra)
core   0: 3 0x000000008000014c (0x0620bc23) mem 0x0000000080003278 0x0000000080000120
core   0: 0x0000000080000150 (0x10602173) csrr    sp, scounteren
core   0: 3 0x0000000080000150 (0x10602173) x 2 0x0000000000000000
core   0: 0x0000000080000154 (0x0820b023) sd      sp, 128(ra)
core   0: 3 0x0000000080000154 (0x0820b023) mem 0x0000000080003280 0x0000000000000000
core   0: 0x0000000080000158 (0x14002173) csrr    sp, sscratch
core   0: 3 0x0000000080000158 (0x14002173) x 2 0x0000000000000000
core   0: 0x000000008000015c (0x0820b423) sd      sp, 136(ra)
core   0: 3 0x000000008000015c (0x0820b423) mem 0x0000000080003288 0x0000000000000000
core   0: 0x0000000080000160 (0x14102173) csrr    sp, sepc
core   0: 3 0x0000000080000160 (0x14102173) x 2 0x0000000000000000
core   0: 0x0000000080000164 (0x0820b823) sd      sp, 144(ra)
core   0: 3 0x0000000080000164 (0x0820b823) mem 0x0000000080003290 0x0000000000000000
core   0: 0x0000000080000168 (0x14202173) csrr    sp, scause
core   0: 3 0x0000000080000168 (0x14202173) x 2 0x0000000000000000
core   0: 0x000000008000016c (0x0820bc23) sd      sp, 152(ra)
core   0: 3 0x000000008000016c (0x0820bc23) mem 0x0000000080003298 0x0000000000000000
core   0: 0x0000000080000170 (0x14302173) csrr    sp, stval
core   0: 3 0x0000000080000170 (0x14302173) x 2 0x0000000000000000
core   0: 0x0000000080000174 (0x0a20b023) sd      sp, 160(ra)
core   0: 3 0x0000000080000174 (0x0a20b023) mem 0x00000000800032a0 0x0000000000000000
core   0: 0x0000000080000178 (0x14402173) csrr    sp, sip
core   0: 3 0x0000000080000178 (0x14402173) x 2 0x0000000000000000
core   0: 0x000000008000017c (0xf7f17113) andi    sp, sp, -129
core   0: 3 0x000000008000017c (0xf7f17113) x 2 0x0000000000000000
core   0: 0x0000000080000180 (0x0a20b423) sd      sp, 168(ra)
core   0: 3 0x0000000080000180 (0x0a20b423) mem 0x00000000800032a8 0x0000000000000000
core   0: 0x0000000080000184 (0x18002173) csrr    sp, satp
core   0: 3 0x0000000080000184 (0x18002173) x 2 0x0000000000000000
core   0: 0x0000000080000188 (0x0a20b823) sd      sp, 176(ra)
core   0: 3 0x0000000080000188 (0x0a20b823) mem 0x00000000800032b0 0x0000000000000000
core   0: 0x000000008000018c (0xf1402173) csrr    sp, mhartid
core   0: 3 0x000000008000018c (0xf1402173) x 2 0x0000000000000000
core   0: 0x0000000080000190 (0x0a20bc23) sd      sp, 184(ra)
core   0: 3 0x0000000080000190 (0x0a20bc23) mem 0x00000000800032b8 0x0000000000000000
core   0: 0x0000000080000194 (0x30002173) csrr    sp, mstatus
core   0: 3 0x0000000080000194 (0x30002173) x 2 0x0000000a00000002
