core   0: 0x0000000080000000 (0x00010f97) auipc   t6, 0x10
core   0: 3 0x0000000080000000 (0x00010f97) x31 0x0000000080010000
core   0: 0x0000000080000004 (0x000f8f93) mv      t6, t6
core   0: 3 0x0000000080000004 (0x000f8f93) x31 0x0000000080010000
core   0: 0x0000000080000008 (0x000fb083) ld      ra, 0(t6)
core   0: 3 0x0000000080000008 (0x000fb083) x 1 0xd1bfbf014b8627f9 mem 0x0000000080010000
core   0: 0x000000008000000c (0x008fb103) ld      sp, 8(t6)
core   0: 3 0x000000008000000c (0x008fb103) x 2 0x5a76574e2980087a mem 0x0000000080010008
core   0: 0x0000000080000010 (0x010fb183) ld      gp, 16(t6)
core   0: 3 0x0000000080000010 (0x010fb183) x 3 0x94d83073b31fc3be mem 0x0000000080010010
core   0: 0x0000000080000014 (0x018fb203) ld      tp, 24(t6)
core   0: 3 0x0000000080000014 (0x018fb203) x 4 0x9e67f1dd06c42d3c mem 0x0000000080010018
core   0: 0x0000000080000018 (0x020fb283) ld      t0, 32(t6)
core   0: 3 0x0000000080000018 (0x020fb283) x 5 0x7abab6393c7ef36b mem 0x0000000080010020
core   0: 0x000000008000001c (0x028fb303) ld      t1, 40(t6)
core   0: 3 0x000000008000001c (0x028fb303) x 6 0xe59eeb53e0b2b29d mem 0x0000000080010028
core   0: 0x0000000080000020 (0x030fb383) ld      t2, 48(t6)
core   0: 3 0x0000000080000020 (0x030fb383) x 7 0xc3449449260c7585 mem 0x0000000080010030
core   0: 0x0000000080000024 (0x038fb403) ld      s0, 56(t6)
core   0: 3 0x0000000080000024 (0x038fb403) x 8 0x952613877690783c mem 0x0000000080010038
core   0: 0x0000000080000028 (0x040fb483) ld      s1, 64(t6)
core   0: 3 0x0000000080000028 (0x040fb483) x 9 0x72ac53b6dd516cf2 mem 0x0000000080010040
core   0: 0x000000008000002c (0x048fb503) ld      a0, 72(t6)
core   0: 3 0x000000008000002c (0x048fb503) x10 0x53c6ef82ecadaa68 mem 0x0000000080010048
core   0: 0x0000000080000030 (0x050fb583) ld      a1, 80(t6)
core   0: 3 0x0000000080000030 (0x050fb583) x11 0x5b24b11ef3523cc3 mem 0x0000000080010050
core   0: 0x0000000080000034 (0x058fb603) ld      a2, 88(t6)
core   0: 3 0x0000000080000034 (0x058fb603) x12 0x9a719ce21dd46a84 mem 0x0000000080010058
core   0: 0x0000000080000038 (0x060fb683) ld      a3, 96(t6)
core   0: 3 0x0000000080000038 (0x060fb683) x13 0xeda9aec37ffba825 mem 0x0000000080010060
core   0: 0x000000008000003c (0x068fb703) ld      a4, 104(t6)
core   0: 3 0x000000008000003c (0x068fb703) x14 0x8bca8dd0de65c449 mem 0x0000000080010068
core   0: 0x0000000080000040 (0x070fb783) ld      a5, 112(t6)
core   0: 3 0x0000000080000040 (0x070fb783) x15 0x130d8b7811822cba mem 0x0000000080010070
core   0: 0x0000000080000044 (0x078fb803) ld      a6, 120(t6)
core   0: 3 0x0000000080000044 (0x078fb803) x16 0xef2e4df999c5b42b mem 0x0000000080010078
core   0: 0x0000000080000048 (0x080fb883) ld      a7, 128(t6)
core   0: 3 0x0000000080000048 (0x080fb883) x17 0x98b2bb6f44d0dc23 mem 0x0000000080010080
core   0: 0x000000008000004c (0x088fb903) ld      s2, 136(t6)
core   0: 3 0x000000008000004c (0x088fb903) x18 0x999487e3834cfc81 mem 0x0000000080010088
core   0: 0x0000000080000050 (0x090fb983) ld      s3, 144(t6)
core   0: 3 0x0000000080000050 (0x090fb983) x19 0x68925e7ebd127db6 mem 0x0000000080010090
core   0: 0x0000000080000054 (0x098fba03) ld      s4, 152(t6)
core   0: 3 0x0000000080000054 (0x098fba03) x20 0x87edb357d4483652 mem 0x0000000080010098
core   0: 0x0000000080000058 (0x0a0fba83) ld      s5, 160(t6)
core   0: 3 0x0000000080000058 (0x0a0fba83) x21 0xcbfb401835d7da19 mem 0x00000000800100a0
core   0: 0x000000008000005c (0x0a8fbb03) ld      s6, 168(t6)
core   0: 3 0x000000008000005c (0x0a8fbb03) x22 0xfefb051df4a920e1 mem 0x00000000800100a8
core   0: 0x0000000080000060 (0x0b0fbb83) ld      s7, 176(t6)
core   0: 3 0x0000000080000060 (0x0b0fbb83) x23 0xb20e09e2b4e15e2a mem 0x00000000800100b0
core   0: 0x0000000080000064 (0x0b8fbc03) ld      s8, 184(t6)
core   0: 3 0x0000000080000064 (0x0b8fbc03) x24 0xe87661235e1d7a12 mem 0x00000000800100b8
core   0: 0x0000000080000068 (0x0c0fbc83) ld      s9, 192(t6)
core   0: 3 0x0000000080000068 (0x0c0fbc83) x25 0x18d7c67714b6577e mem 0x00000000800100c0
core   0: 0x000000008000006c (0x0c8fbd03) ld      s10, 200(t6)
core   0: 3 0x000000008000006c (0x0c8fbd03) x26 0x2b823327f644d527 mem 0x00000000800100c8
core   0: 0x0000000080000070 (0x0d0fbd83) ld      s11, 208(t6)
core   0: 3 0x0000000080000070 (0x0d0fbd83) x27 0x4195d3a73e7222a2 mem 0x00000000800100d0
core   0: 0x0000000080000074 (0x0d8fbe03) ld      t3, 216(t6)
core   0: 3 0x0000000080000074 (0x0d8fbe03) x28 0x2aa86c5af7559224 mem 0x00000000800100d8
core   0: 0x0000000080000078 (0x0e0fbe83) ld      t4, 224(t6)
core   0: 3 0x0000000080000078 (0x0e0fbe83) x29 0x728ff9b3a0cd1492 mem 0x00000000800100e0
core   0: 0x000000008000007c (0x0e8fbf03) ld      t5, 232(t6)
core   0: 3 0x000000008000007c (0x0e8fbf03) x30 0x9e240fedc8d6f36f mem 0x00000000800100e8
core   0: 0x0000000080000080 (0x0f0fbf83) ld      t6, 240(t6)
core   0: 3 0x0000000080000080 (0x0f0fbf83) x31 0x7b9ea97bb9cd8ba0 mem 0x00000000800100f0
core   0: 0x0000000080000084 (0x21d0006f) j       pc + 0xa1c
core   0: 3 0x0000000080000084 (0x21d0006f)
core   0: 0x0000000080000aa0 (0x30005073) csrwi   mstatus, 0
core   0: 3 0x0000000080000aa0 (0x30005073) c768_mstatus 0x0000000a00000000
core   0: 0x0000000080000aa4 (0xf1402573) csrr    a0, mhartid
core   0: 3 0x0000000080000aa4 (0xf1402573) x10 0x0000000000000000
core   0: 0x0000000080000aa8 (0x0000e101) c.bnez  a0, pc + 0
core   0: 3 0x0000000080000aa8 (0xe101)
core   0: 0x0000000080000aaa (0x00000297) auipc   t0, 0x0
core   0: 3 0x0000000080000aaa (0x00000297) x 5 0x0000000080000aaa
core   0: 0x0000000080000aae (0x01a28293) addi    t0, t0, 26
core   0: 3 0x0000000080000aae (0x01a28293) x 5 0x0000000080000ac4
core   0: 0x0000000080000ab2 (0x30529073) csrw    mtvec, t0
core   0: 3 0x0000000080000ab2 (0x30529073) c773_mtvec 0x0000000080000ac4
core   0: 0x0000000080000ab6 (0x30205073) csrwi   medeleg, 0
core   0: 3 0x0000000080000ab6 (0x30205073) c770_medeleg 0x0000000000000000
core   0: 0x0000000080000aba (0x30305073) csrwi   mideleg, 0
core   0: 3 0x0000000080000aba (0x30305073) c771_mideleg 0x0000000000000000
core   0: 0x0000000080000abe (0x30405073) csrwi   mie, 0
core   0: 3 0x0000000080000abe (0x30405073) c772_mie 0x0000000000000000
core   0: 0x0000000080000ac2 (0x00000001) c.nop
core   0: 3 0x0000000080000ac2 (0x0001)
core   0: 0x0000000080000ac4 (0x00000297) auipc   t0, 0x0
core   0: 3 0x0000000080000ac4 (0x00000297) x 5 0x0000000080000ac4
core   0: 0x0000000080000ac8 (0x01028293) addi    t0, t0, 16
core   0: 3 0x0000000080000ac8 (0x01028293) x 5 0x0000000080000ad4
core   0: 0x0000000080000acc (0x30529073) csrw    mtvec, t0
core   0: 3 0x0000000080000acc (0x30529073) c773_mtvec 0x0000000080000ad4
core   0: 0x0000000080000ad0 (0x18005073) csrwi   satp, 0
core   0: 3 0x0000000080000ad0 (0x18005073) c384_satp 0x0000000000000000
core   0: 0x0000000080000ad4 (0xfffff297) auipc   t0, 0xfffff
core   0: 3 0x0000000080000ad4 (0xfffff297) x 5 0x000000007ffffad4
core   0: 0x0000000080000ad8 (0x65c28293) addi    t0, t0, 1628
core   0: 3 0x0000000080000ad8 (0x65c28293) x 5 0x0000000080000130
core   0: 0x0000000080000adc (0x30529073) csrw    mtvec, t0
core   0: 3 0x0000000080000adc (0x30529073) c773_mtvec 0x0000000080000130
core   0: 0x0000000080000ae0 (0x00004181) c.li    gp, 0
core   0: 3 0x0000000080000ae0 (0x4181) x 3 0x0000000000000000
core   0: 0x0000000080000ae2 (0x00004505) c.li    a0, 1
core   0: 3 0x0000000080000ae2 (0x4505) x10 0x0000000000000001
core   0: 0x0000000080000ae4 (0x0000057e) c.slli  a0, 31
core   0: 3 0x0000000080000ae4 (0x057e) x10 0x0000000080000000
core   0: 0x0000000080000ae6 (0x00055a63) bgez    a0, pc + 20
core   0: 3 0x0000000080000ae6 (0x00055a63)
core   0: 0x0000000080000afa (0xfffff297) auipc   t0, 0xfffff
core   0: 3 0x0000000080000afa (0xfffff297) x 5 0x000000007ffffafa
core   0: 0x0000000080000afe (0x62628293) addi    t0, t0, 1574
core   0: 3 0x0000000080000afe (0x62628293) x 5 0x0000000080000120
core   0: 0x0000000080000b02 (0x10529073) csrw    stvec, t0
core   0: 3 0x0000000080000b02 (0x10529073) c261_stvec 0x0000000080000120
core   0: 0x0000000080000b06 (0x000062ad) c.lui   t0, 0xb
core   0: 3 0x0000000080000b06 (0x62ad) x 5 0x000000000000b000
core   0: 0x0000000080000b08 (0x1092829b) addiw   t0, t0, 265
core   0: 3 0x0000000080000b08 (0x1092829b) x 5 0x000000000000b109
core   0: 0x0000000080000b0c (0x3022a073) csrs    medeleg, t0
core   0: 3 0x0000000080000b0c (0x3022a073) c770_medeleg 0x000000000000b109
core   0: 0x0000000080000b10 (0x00006519) c.lui   a0, 0x6
core   0: 3 0x0000000080000b10 (0x6519) x10 0x0000000000006000
core   0: 0x0000000080000b12 (0x30052073) csrs    mstatus, a0
core   0: 3 0x0000000080000b12 (0x30052073) c768_mstatus 0x8000000a00006000
core   0: 0x0000000080000b16 (0x00305073) csrwi   fcsr, 0
core   0: 3 0x0000000080000b16 (0x00305073) c2_frm 0x0000000000000000 c1_fflags 0x0000000000000000 c768_mstatus 0x8000000a00006000
core   0: 0x0000000080000b1a (0xd6eff0ef) jal     pc - 0xa92
core   0: 3 0x0000000080000b1a (0xd6eff0ef) x 1 0x0000000080000b1e
core   0: 0x0000000080000088 (0x00020f97) auipc   t6, 0x20
core   0: 3 0x0000000080000088 (0x00020f97) x31 0x0000000080020088
core   0: 0x000000008000008c (0xf78f8f93) addi    t6, t6, -136
core   0: 3 0x000000008000008c (0xf78f8f93) x31 0x0000000080020000
core   0: 0x0000000080000090 (0x000fa007) flw     ft0, 0(t6)
core   0: 3 0x0000000080000090 (0x000fa007) c768_mstatus 0x8000000a00006000 f 0 0xffffffff6d094273 mem 0x0000000080020000
core   0: 0x0000000080000094 (0x008fa087) flw     ft1, 8(t6)
core   0: 3 0x0000000080000094 (0x008fa087) c768_mstatus 0x8000000a00006000 f 1 0xffffffff184c8479 mem 0x0000000080020008
core   0: 0x0000000080000098 (0x010fa107) flw     ft2, 16(t6)
core   0: 3 0x0000000080000098 (0x010fa107) c768_mstatus 0x8000000a00006000 f 2 0xffffffffbf121521 mem 0x0000000080020010
core   0: 0x000000008000009c (0x018fb187) fld     ft3, 24(t6)
core   0: 3 0x000000008000009c (0x018fb187) c768_mstatus 0x8000000a00006000 f 3 0xaa39e3b37b307321 mem 0x0000000080020018
core   0: 0x00000000800000a0 (0x020fb207) fld     ft4, 32(t6)
core   0: 3 0x00000000800000a0 (0x020fb207) c768_mstatus 0x8000000a00006000 f 4 0xa23376089d762994 mem 0x0000000080020020
core   0: 0x00000000800000a4 (0x028fb287) fld     ft5, 40(t6)
core   0: 3 0x00000000800000a4 (0x028fb287) c768_mstatus 0x8000000a00006000 f 5 0x0fd4e554ba09b5cc mem 0x0000000080020028
core   0: 0x00000000800000a8 (0x030fb307) fld     ft6, 48(t6)
core   0: 3 0x00000000800000a8 (0x030fb307) c768_mstatus 0x8000000a00006000 f 6 0xa351c59bd0b6eb07 mem 0x0000000080020030
core   0: 0x00000000800000ac (0x038fa387) flw     ft7, 56(t6)
core   0: 3 0x00000000800000ac (0x038fa387) c768_mstatus 0x8000000a00006000 f 7 0xffffffff8beafaf0 mem 0x0000000080020038
core   0: 0x00000000800000b0 (0x040fb407) fld     fs0, 64(t6)
core   0: 3 0x00000000800000b0 (0x040fb407) c768_mstatus 0x8000000a00006000 f 8 0xb87a2e3a3c3d7075 mem 0x0000000080020040
core   0: 0x00000000800000b4 (0x048fb487) fld     fs1, 72(t6)
core   0: 3 0x00000000800000b4 (0x048fb487) c768_mstatus 0x8000000a00006000 f 9 0x8f14ff80d98f2f9c mem 0x0000000080020048
core   0: 0x00000000800000b8 (0x050fa507) flw     fa0, 80(t6)
core   0: 3 0x00000000800000b8 (0x050fa507) c768_mstatus 0x8000000a00006000 f10 0xffffffff562c74b8 mem 0x0000000080020050
core   0: 0x00000000800000bc (0x058fb587) fld     fa1, 88(t6)
core   0: 3 0x00000000800000bc (0x058fb587) c768_mstatus 0x8000000a00006000 f11 0xfd55afdd8bc1c3b7 mem 0x0000000080020058
core   0: 0x00000000800000c0 (0x060fb607) fld     fa2, 96(t6)
core   0: 3 0x00000000800000c0 (0x060fb607) c768_mstatus 0x8000000a00006000 f12 0xbbf1c71ee2595e07 mem 0x0000000080020060
core   0: 0x00000000800000c4 (0x068fb687) fld     fa3, 104(t6)
core   0: 3 0x00000000800000c4 (0x068fb687) c768_mstatus 0x8000000a00006000 f13 0xbb3df330505ba521 mem 0x0000000080020068
core   0: 0x00000000800000c8 (0x070fa707) flw     fa4, 112(t6)
core   0: 3 0x00000000800000c8 (0x070fa707) c768_mstatus 0x8000000a00006000 f14 0xffffffff1b588c7a mem 0x0000000080020070
core   0: 0x00000000800000cc (0x078fb787) fld     fa5, 120(t6)
core   0: 3 0x00000000800000cc (0x078fb787) c768_mstatus 0x8000000a00006000 f15 0xfb5d1b0bf812bc49 mem 0x0000000080020078
core   0: 0x00000000800000d0 (0x080fb807) fld     fa6, 128(t6)
core   0: 3 0x00000000800000d0 (0x080fb807) c768_mstatus 0x8000000a00006000 f16 0xc1eda0f57e7b4f4d mem 0x0000000080020080
core   0: 0x00000000800000d4 (0x088fa887) flw     fa7, 136(t6)
core   0: 3 0x00000000800000d4 (0x088fa887) c768_mstatus 0x8000000a00006000 f17 0xffffffffd0a6ec23 mem 0x0000000080020088
core   0: 0x00000000800000d8 (0x090fa907) flw     fs2, 144(t6)
core   0: 3 0x00000000800000d8 (0x090fa907) c768_mstatus 0x8000000a00006000 f18 0xffffffff5407b2b3 mem 0x0000000080020090
core   0: 0x00000000800000dc (0x098fa987) flw     fs3, 152(t6)
core   0: 3 0x00000000800000dc (0x098fa987) c768_mstatus 0x8000000a00006000 f19 0xffffffffdac05336 mem 0x0000000080020098
core   0: 0x00000000800000e0 (0x0a0fba07) fld     fs4, 160(t6)
core   0: 3 0x00000000800000e0 (0x0a0fba07) c768_mstatus 0x8000000a00006000 f20 0xe7b3081d7e6a9214 mem 0x00000000800200a0
core   0: 0x00000000800000e4 (0x0a8faa87) flw     fs5, 168(t6)
core   0: 3 0x00000000800000e4 (0x0a8faa87) c768_mstatus 0x8000000a00006000 f21 0xffffffffecec94a1 mem 0x00000000800200a8
core   0: 0x00000000800000e8 (0x0b0fbb07) fld     fs6, 176(t6)
core   0: 3 0x00000000800000e8 (0x0b0fbb07) c768_mstatus 0x8000000a00006000 f22 0xdf22c7d3d7710f7d mem 0x00000000800200b0
core   0: 0x00000000800000ec (0x0b8fbb87) fld     fs7, 184(t6)
core   0: 3 0x00000000800000ec (0x0b8fbb87) c768_mstatus 0x8000000a00006000 f23 0x49a442894c703447 mem 0x00000000800200b8
core   0: 0x00000000800000f0 (0x0c0fbc07) fld     fs8, 192(t6)
core   0: 3 0x00000000800000f0 (0x0c0fbc07) c768_mstatus 0x8000000a00006000 f24 0x54b1c42976bd741c mem 0x00000000800200c0
core   0: 0x00000000800000f4 (0x0c8fbc87) fld     fs9, 200(t6)
core   0: 3 0x00000000800000f4 (0x0c8fbc87) c768_mstatus 0x8000000a00006000 f25 0xe2914498c653ad13 mem 0x00000000800200c8
core   0: 0x00000000800000f8 (0x0d0fbd07) fld     fs10, 208(t6)
core   0: 3 0x00000000800000f8 (0x0d0fbd07) c768_mstatus 0x8000000a00006000 f26 0xd95b3799ab3efdf0 mem 0x00000000800200d0
core   0: 0x00000000800000fc (0x0d8fbd87) fld     fs11, 216(t6)
core   0: 3 0x00000000800000fc (0x0d8fbd87) c768_mstatus 0x8000000a00006000 f27 0xe24db0f08b5f8a5e mem 0x00000000800200d8
core   0: 0x0000000080000100 (0x0e0fbe07) fld     ft8, 224(t6)
core   0: 3 0x0000000080000100 (0x0e0fbe07) c768_mstatus 0x8000000a00006000 f28 0x751ebb42e3e2ebdd mem 0x00000000800200e0
core   0: 0x0000000080000104 (0x0e8fae87) flw     ft9, 232(t6)
core   0: 3 0x0000000080000104 (0x0e8fae87) c768_mstatus 0x8000000a00006000 f29 0xffffffffe34b4145 mem 0x00000000800200e8
core   0: 0x0000000080000108 (0x0f0faf07) flw     ft10, 240(t6)
core   0: 3 0x0000000080000108 (0x0f0faf07) c768_mstatus 0x8000000a00006000 f30 0xffffffff54d3a0e9 mem 0x00000000800200f0
core   0: 0x000000008000010c (0x0f8faf87) flw     ft11, 248(t6)
core   0: 3 0x000000008000010c (0x0f8faf87) c768_mstatus 0x8000000a00006000 f31 0xffffffff1499f5b1 mem 0x00000000800200f8
core   0: 0x0000000080000110 (0x00008082) ret
core   0: 3 0x0000000080000110 (0x8082)
core   0: 0x0000000080000b1e (0xb0201073) csrw    minstret, zero
core   0: 3 0x0000000080000b1e (0xb0201073) c2818_minstret 0x0000000000000000
core   0: 0x0000000080000b22 (0xf1402573) csrr    a0, mhartid
core   0: 3 0x0000000080000b22 (0xf1402573) x10 0x0000000000000000
core   0: 0x0000000080000b26 (0x3439e773) csrrsi  a4, mtval, 19
core   0: 3 0x0000000080000b26 (0x3439e773) x14 0x0000000000000000 c835_mtval 0x0000000000000013
core   0: 0x0000000080000b2a (0x00008d29) c.xor   a0, a0
core   0: 3 0x0000000080000b2a (0x8d29) x10 0x0000000000000000
core   0: 0x0000000080000b2c (0x00004605) c.li    a2, 1
core   0: 3 0x0000000080000b2c (0x4605) x12 0x0000000000000001
core   0: 0x0000000080000b2e (0x00000672) c.slli  a2, 28
core   0: 3 0x0000000080000b2e (0x0672) x12 0x0000000010000000
core   0: 0x0000000080000b30 (0x00009532) c.add   a0, a2
core   0: 3 0x0000000080000b30 (0x9532) x10 0x0000000010000000
core   0: 0x0000000080000b32 (0x14452573) csrrs   a0, sip, a0
core   0: 3 0x0000000080000b32 (0x14452573) x10 0x0000000000000000 c836_mip 0x0000000000000000
core   0: 0x0000000080000b36 (0x140855f3) csrrwi  a1, sscratch, 16
core   0: 3 0x0000000080000b36 (0x140855f3) x11 0x0000000000000000 c320_sscratch 0x0000000000000010
core   0: 0x0000000080000b3a (0x00000297) auipc   t0, 0x0
core   0: 3 0x0000000080000b3a (0x00000297) x 5 0x0000000080000b3a
core   0: 0x0000000080000b3e (0x04628293) addi    t0, t0, 70
core   0: 3 0x0000000080000b3e (0x04628293) x 5 0x0000000080000b80
core   0: 0x0000000080000b42 (0x34129073) csrw    mepc, t0
core   0: 3 0x0000000080000b42 (0x34129073) c833_mepc 0x0000000080000b80
core   0: 0x0000000080000b46 (0x00004281) c.li    t0, 0
core   0: 3 0x0000000080000b46 (0x4281) x 5 0x0000000000000000
core   0: 0x0000000080000b48 (0x30200073) mret
core   0: 3 0x0000000080000b48 (0x30200073) c768_mstatus 0x8000000a00006080
core   0: 0x0000000080000b80 (0xb1b34bcb) fnmsub.s fs7, ft6, fs11, fs6
core   0: 0 0x0000000080000b80 (0xb1b34bcb) c768_mstatus 0x8000000a00006080 f23 0xffffffff7fc00000
core   0: 0x0000000080000b84 (0x03a6433b) divw    t1, a2, s10
core   0: 0 0x0000000080000b84 (0x03a6433b) x 6 0xffffffffffffffff
core   0: 0x0000000080000b88 (0x216307d3) fsgnj.s fa5, ft6, fs6
core   0: 0 0x0000000080000b88 (0x216307d3) c768_mstatus 0x8000000a00006080 f15 0xffffffff7fc00000
core   0: 0x0000000080000b8c (0x0002fc17) auipc   s8, 0x2f
core   0: 0 0x0000000080000b8c (0x0002fc17) x24 0x000000008002fb8c
core   0: 0x0000000080000b90 (0x5c4c0c13) addi    s8, s8, 1476
core   0: 0 0x0000000080000b90 (0x5c4c0c13) x24 0x0000000080030150
core   0: 0x0000000080000b94 (0x00000c41) c.addi  s8, 16
core   0: 0 0x0000000080000b94 (0x0c41) x24 0x0000000080030160
core   0: 0x0000000080000b96 (0xc0dc3a2f) amominu.d s4, a3, (s8)
core   0: 0 0x0000000080000b96 (0xc0dc3a2f) x20 0x2b49e82cf235f9c8 mem 0x0000000080030160 mem 0x0000000080030160 0x2b49e82cf235f9c8
core   0: 0x0000000080000b9a (0x0002f697) auipc   a3, 0x2f
core   0: 0 0x0000000080000b9a (0x0002f697) x13 0x000000008002fb9a
core   0: 0x0000000080000b9e (0x60668693) addi    a3, a3, 1542
core   0: 0 0x0000000080000b9e (0x60668693) x13 0x00000000800301a0
core   0: 0x0000000080000ba2 (0x00001691) c.addi  a3, -28
core   0: 0 0x0000000080000ba2 (0x1691) x13 0x0000000080030184
core   0: 0x0000000080000ba4 (0x00c6af2f) amoadd.w t5, a2, (a3)
core   0: 0 0x0000000080000ba4 (0x00c6af2f) x30 0xffffffff8bbe5f30 mem 0x0000000080030184 mem 0x0000000080030184 0x9bbe5f30
core   0: 0x0000000080000ba8 (0x0004fc17) auipc   s8, 0x4f
core   0: 0 0x0000000080000ba8 (0x0004fc17) x24 0x000000008004fba8
core   0: 0x0000000080000bac (0x4b8c0c13) addi    s8, s8, 1208
core   0: 0 0x0000000080000bac (0x4b8c0c13) x24 0x0000000080050060
core   0: 0x0000000080000bb0 (0x00001c51) c.addi  s8, -12
core   0: 0 0x0000000080000bb0 (0x1c51) x24 0x0000000080050054
core   0: 0x0000000080000bb2 (0x003c2a2f) amoadd.w s4, gp, (s8)
core   0: 0 0x0000000080000bb2 (0x003c2a2f) x20 0xffffffff99c86f0c mem 0x0000000080050054 mem 0x0000000080050054 0x99c86f0c
core   0: 0x0000000080000bb6 (0x0002f217) auipc   tp, 0x2f
core   0: 0 0x0000000080000bb6 (0x0002f217) x 4 0x000000008002fbb6
core   0: 0x0000000080000bba (0x4aa20213) addi    tp, tp, 1194
core   0: 0 0x0000000080000bba (0x4aa20213) x 4 0x0000000080030060
core   0: 0x0000000080000bbe (0x00000231) c.addi  tp, 12
core   0: 0 0x0000000080000bbe (0x0231) x 4 0x000000008003006c
core   0: 0x0000000080000bc0 (0xa14226af) amomax.w a3, s4, (tp)
core   0: 0 0x0000000080000bc0 (0xa14226af) x13 0xffffffffe7329025 mem 0x000000008003006c mem 0x000000008003006c 0xe7329025
core   0: 0x0000000080000bc4 (0x32c92acb) fnmsub.d fs5, fs2, fa2, ft6
core   0: 0 0x0000000080000bc4 (0x32c92acb) c768_mstatus 0x8000000a00006080 f21 0x7ff8000000000000
core   0: 0x0000000080000bc8 (0x0105983b) sllw    a6, a1, a6
core   0: 0 0x0000000080000bc8 (0x0105983b) x16 0x0000000000000000
core   0: 0x0000000080000bcc (0x0003f817) auipc   a6, 0x3f
core   0: 0 0x0000000080000bcc (0x0003f817) x16 0x000000008003fbcc
core   0: 0x0000000080000bd0 (0x53480813) addi    a6, a6, 1332
core   0: 0 0x0000000080000bd0 (0x53480813) x16 0x0000000080040100
core   0: 0x0000000080000bd4 (0xffe00837) lui     a6, 0xffe00
core   0: 0 0x0000000080000bd4 (0xffe00837) x16 0xffffffffffe00000
core   0: 0x0000000080000bd8 (0x01084833) xor     a6, a6, a6
core   0: 0 0x0000000080000bd8 (0x01084833) x16 0x0000000000000000
core   0: 0x0000000080000bdc (0x01c81f23) sh      t3, 30(a6)
core   0: exception trap_store_access_fault, epc 0x0000000080000bdc
core   0:           tval 0x000000000000001e
core   0: 0x0000000080000130 (0x00002097) auipc   ra, 0x2
core   0: 3 0x0000000080000130 (0x00002097) x 1 0x0000000080002130
