core   0: 0x0000000080000000 (0x00010f97) auipc   t6, 0x10
core   0: 3 0x0000000080000000 (0x00010f97) x31 0x0000000080010000
core   0: 0x0000000080000004 (0x000f8f93) mv      t6, t6
core   0: 3 0x0000000080000004 (0x000f8f93) x31 0x0000000080010000
core   0: 0x0000000080000008 (0x000fa083) lw      ra, 0(t6)
core   0: 3 0x0000000080000008 (0x000fa083) x 1 0x000000006b3515b5 mem 0x0000000080010000
core   0: 0x000000008000000c (0x008fa103) lw      sp, 8(t6)
core   0: 3 0x000000008000000c (0x008fa103) x 2 0x00000000517acbb3 mem 0x0000000080010008
core   0: 0x0000000080000010 (0x010fa183) lw      gp, 16(t6)
core   0: 3 0x0000000080000010 (0x010fa183) x 3 0x0000000058df452e mem 0x0000000080010010
core   0: 0x0000000080000014 (0x018fa203) lw      tp, 24(t6)
core   0: 3 0x0000000080000014 (0x018fa203) x 4 0x0000000064ee7d3b mem 0x0000000080010018
core   0: 0x0000000080000018 (0x020fa283) lw      t0, 32(t6)
core   0: 3 0x0000000080000018 (0x020fa283) x 5 0x0000000048748cde mem 0x0000000080010020
core   0: 0x000000008000001c (0x028fa303) lw      t1, 40(t6)
core   0: 3 0x000000008000001c (0x028fa303) x 6 0x0000000029538d0a mem 0x0000000080010028
core   0: 0x0000000080000020 (0x030fa383) lw      t2, 48(t6)
core   0: 3 0x0000000080000020 (0x030fa383) x 7 0xffffffffc08168a2 mem 0x0000000080010030
core   0: 0x0000000080000024 (0x038fa403) lw      s0, 56(t6)
core   0: 3 0x0000000080000024 (0x038fa403) x 8 0xfffffffff4c73c3c mem 0x0000000080010038
core   0: 0x0000000080000028 (0x040fa483) lw      s1, 64(t6)
core   0: 3 0x0000000080000028 (0x040fa483) x 9 0xffffffffdf266f53 mem 0x0000000080010040
core   0: 0x000000008000002c (0x048fa503) lw      a0, 72(t6)
core   0: 3 0x000000008000002c (0x048fa503) x10 0xfffffffffeee369b mem 0x0000000080010048
core   0: 0x0000000080000030 (0x050fa583) lw      a1, 80(t6)
core   0: 3 0x0000000080000030 (0x050fa583) x11 0xffffffffba9c9bf0 mem 0x0000000080010050
core   0: 0x0000000080000034 (0x058fa603) lw      a2, 88(t6)
core   0: 3 0x0000000080000034 (0x058fa603) x12 0xfffffffffedf17cc mem 0x0000000080010058
core   0: 0x0000000080000038 (0x060fa683) lw      a3, 96(t6)
core   0: 3 0x0000000080000038 (0x060fa683) x13 0x000000004ddabc6e mem 0x0000000080010060
core   0: 0x000000008000003c (0x068fa703) lw      a4, 104(t6)
core   0: 3 0x000000008000003c (0x068fa703) x14 0xffffffffb6384699 mem 0x0000000080010068
core   0: 0x0000000080000040 (0x070fa783) lw      a5, 112(t6)
core   0: 3 0x0000000080000040 (0x070fa783) x15 0xffffffffab3f101a mem 0x0000000080010070
core   0: 0x0000000080000044 (0x078fa803) lw      a6, 120(t6)
core   0: 3 0x0000000080000044 (0x078fa803) x16 0x00000000136e91ac mem 0x0000000080010078
core   0: 0x0000000080000048 (0x080fa883) lw      a7, 128(t6)
core   0: 3 0x0000000080000048 (0x080fa883) x17 0xffffffffaba86f77 mem 0x0000000080010080
core   0: 0x000000008000004c (0x088fa903) lw      s2, 136(t6)
core   0: 3 0x000000008000004c (0x088fa903) x18 0xfffffffffaab012b mem 0x0000000080010088
core   0: 0x0000000080000050 (0x090fa983) lw      s3, 144(t6)
core   0: 3 0x0000000080000050 (0x090fa983) x19 0x000000004f4bf907 mem 0x0000000080010090
core   0: 0x0000000080000054 (0x098faa03) lw      s4, 152(t6)
core   0: 3 0x0000000080000054 (0x098faa03) x20 0x00000000049e8120 mem 0x0000000080010098
core   0: 0x0000000080000058 (0x0a0faa83) lw      s5, 160(t6)
core   0: 3 0x0000000080000058 (0x0a0faa83) x21 0x0000000033cb13c6 mem 0x00000000800100a0
core   0: 0x000000008000005c (0x0a8fab03) lw      s6, 168(t6)
core   0: 3 0x000000008000005c (0x0a8fab03) x22 0xffffffffc66bdc5b mem 0x00000000800100a8
core   0: 0x0000000080000060 (0x0b0fab83) lw      s7, 176(t6)
core   0: 3 0x0000000080000060 (0x0b0fab83) x23 0xffffffffb17ebc87 mem 0x00000000800100b0
core   0: 0x0000000080000064 (0x0b8fac03) lw      s8, 184(t6)
core   0: 3 0x0000000080000064 (0x0b8fac03) x24 0x000000006bf3d79f mem 0x00000000800100b8
core   0: 0x0000000080000068 (0x0c0fac83) lw      s9, 192(t6)
core   0: 3 0x0000000080000068 (0x0c0fac83) x25 0xffffffffd74d110a mem 0x00000000800100c0
core   0: 0x000000008000006c (0x0c8fad03) lw      s10, 200(t6)
core   0: 3 0x000000008000006c (0x0c8fad03) x26 0x0000000043090341 mem 0x00000000800100c8
core   0: 0x0000000080000070 (0x0d0fad83) lw      s11, 208(t6)
core   0: 3 0x0000000080000070 (0x0d0fad83) x27 0xffffffff8d0af698 mem 0x00000000800100d0
core   0: 0x0000000080000074 (0x0d8fae03) lw      t3, 216(t6)
core   0: 3 0x0000000080000074 (0x0d8fae03) x28 0xffffffffab2f3e6a mem 0x00000000800100d8
core   0: 0x0000000080000078 (0x0e0fae83) lw      t4, 224(t6)
core   0: 3 0x0000000080000078 (0x0e0fae83) x29 0xffffffffa5de2a53 mem 0x00000000800100e0
core   0: 0x000000008000007c (0x0e8faf03) lw      t5, 232(t6)
core   0: 3 0x000000008000007c (0x0e8faf03) x30 0x000000003cf93031 mem 0x00000000800100e8
core   0: 0x0000000080000080 (0x0f0faf83) lw      t6, 240(t6)
core   0: 3 0x0000000080000080 (0x0f0faf83) x31 0x0000000031d39cee mem 0x00000000800100f0
core   0: 0x0000000080000084 (0x21d0006f) j       pc + 0xa1c
core   0: 3 0x0000000080000084 (0x21d0006f)
core   0: 0x0000000080000aa0 (0x30005073) csrwi   mstatus, 0
core   0: 3 0x0000000080000aa0 (0x30005073) c768_mstatus 0x0000000a00000000
core   0: 0x0000000080000aa4 (0xf1402573) csrr    a0, mhartid
core   0: 3 0x0000000080000aa4 (0xf1402573) x10 0x0000000000000000
core   0: 0x0000000080000aa8 (0x0000e101) c.bnez  a0, pc + 0
core   0: 3 0x0000000080000aa8 (0xe101)
core   0: 0x0000000080000aaa (0x00000297) auipc   t0, 0x0
core   0: 3 0x0000000080000aaa (0x00000297) x 5 0x0000000080000aaa
core   0: 0x0000000080000aae (0x01a28293) addi    t0, t0, 26
core   0: 3 0x0000000080000aae (0x01a28293) x 5 0x0000000080000ac4
core   0: 0x0000000080000ab2 (0x30529073) csrw    mtvec, t0
core   0: 3 0x0000000080000ab2 (0x30529073) c773_mtvec 0x0000000080000ac4
core   0: 0x0000000080000ab6 (0x30205073) csrwi   medeleg, 0
core   0: 3 0x0000000080000ab6 (0x30205073) c770_medeleg 0x0000000000000000
core   0: 0x0000000080000aba (0x30305073) csrwi   mideleg, 0
core   0: 3 0x0000000080000aba (0x30305073) c771_mideleg 0x0000000000000000
core   0: 0x0000000080000abe (0x30405073) csrwi   mie, 0
core   0: 3 0x0000000080000abe (0x30405073) c772_mie 0x0000000000000000
core   0: 0x0000000080000ac2 (0x00000001) c.nop
core   0: 3 0x0000000080000ac2 (0x0001)
core   0: 0x0000000080000ac4 (0x00000297) auipc   t0, 0x0
core   0: 3 0x0000000080000ac4 (0x00000297) x 5 0x0000000080000ac4
core   0: 0x0000000080000ac8 (0x01028293) addi    t0, t0, 16
core   0: 3 0x0000000080000ac8 (0x01028293) x 5 0x0000000080000ad4
core   0: 0x0000000080000acc (0x30529073) csrw    mtvec, t0
core   0: 3 0x0000000080000acc (0x30529073) c773_mtvec 0x0000000080000ad4
core   0: 0x0000000080000ad0 (0x18005073) csrwi   satp, 0
core   0: 3 0x0000000080000ad0 (0x18005073) c384_satp 0x0000000000000000
core   0: 0x0000000080000ad4 (0xfffff297) auipc   t0, 0xfffff
core   0: 3 0x0000000080000ad4 (0xfffff297) x 5 0x000000007ffffad4
core   0: 0x0000000080000ad8 (0x65c28293) addi    t0, t0, 1628
core   0: 3 0x0000000080000ad8 (0x65c28293) x 5 0x0000000080000130
core   0: 0x0000000080000adc (0x30529073) csrw    mtvec, t0
core   0: 3 0x0000000080000adc (0x30529073) c773_mtvec 0x0000000080000130
core   0: 0x0000000080000ae0 (0x00004181) c.li    gp, 0
core   0: 3 0x0000000080000ae0 (0x4181) x 3 0x0000000000000000
core   0: 0x0000000080000ae2 (0x00004505) c.li    a0, 1
core   0: 3 0x0000000080000ae2 (0x4505) x10 0x0000000000000001
core   0: 0x0000000080000ae4 (0x0000057e) c.slli  a0, 31
core   0: 3 0x0000000080000ae4 (0x057e) x10 0x0000000080000000
core   0: 0x0000000080000ae6 (0x00055a63) bgez    a0, pc + 20
core   0: 3 0x0000000080000ae6 (0x00055a63)
core   0: 0x0000000080000afa (0xfffff297) auipc   t0, 0xfffff
core   0: 3 0x0000000080000afa (0xfffff297) x 5 0x000000007ffffafa
core   0: 0x0000000080000afe (0x62628293) addi    t0, t0, 1574
core   0: 3 0x0000000080000afe (0x62628293) x 5 0x0000000080000120
core   0: 0x0000000080000b02 (0x10529073) csrw    stvec, t0
core   0: 3 0x0000000080000b02 (0x10529073) c261_stvec 0x0000000080000120
core   0: 0x0000000080000b06 (0x000062ad) c.lui   t0, 0xb
core   0: 3 0x0000000080000b06 (0x62ad) x 5 0x000000000000b000
core   0: 0x0000000080000b08 (0x1092829b) addiw   t0, t0, 265
core   0: 3 0x0000000080000b08 (0x1092829b) x 5 0x000000000000b109
core   0: 0x0000000080000b0c (0x3022a073) csrs    medeleg, t0
core   0: 3 0x0000000080000b0c (0x3022a073) c770_medeleg 0x000000000000b109
core   0: 0x0000000080000b10 (0x00006521) c.lui   a0, 0x8
core   0: 3 0x0000000080000b10 (0x6521) x10 0x0000000000008000
core   0: 0x0000000080000b12 (0x8005051b) addiw   a0, a0, -2048
core   0: 3 0x0000000080000b12 (0x8005051b) x10 0x0000000000007800
core   0: 0x0000000080000b16 (0x30052073) csrs    mstatus, a0
core   0: 3 0x0000000080000b16 (0x30052073) c768_mstatus 0x8000000a00007800
core   0: 0x0000000080000b1a (0x00305073) csrwi   fcsr, 0
core   0: 3 0x0000000080000b1a (0x00305073) c2_frm 0x0000000000000000 c1_fflags 0x0000000000000000 c768_mstatus 0x8000000a00007800
core   0: 0x0000000080000b1e (0xd6aff0ef) jal     pc - 0xa96
core   0: 3 0x0000000080000b1e (0xd6aff0ef) x 1 0x0000000080000b22
core   0: 0x0000000080000088 (0x00020f97) auipc   t6, 0x20
core   0: 3 0x0000000080000088 (0x00020f97) x31 0x0000000080020088
core   0: 0x000000008000008c (0xf78f8f93) addi    t6, t6, -136
core   0: 3 0x000000008000008c (0xf78f8f93) x31 0x0000000080020000
core   0: 0x0000000080000090 (0x000fa007) flw     ft0, 0(t6)
core   0: 3 0x0000000080000090 (0x000fa007) c768_mstatus 0x8000000a00007800 f 0 0xffffffffe6e74bd8 mem 0x0000000080020000
core   0: 0x0000000080000094 (0x008fa087) flw     ft1, 8(t6)
core   0: 3 0x0000000080000094 (0x008fa087) c768_mstatus 0x8000000a00007800 f 1 0xffffffffe1997c2d mem 0x0000000080020008
core   0: 0x0000000080000098 (0x010fa107) flw     ft2, 16(t6)
core   0: 3 0x0000000080000098 (0x010fa107) c768_mstatus 0x8000000a00007800 f 2 0xffffffff75c75aca mem 0x0000000080020010
core   0: 0x000000008000009c (0x018fa187) flw     ft3, 24(t6)
core   0: 3 0x000000008000009c (0x018fa187) c768_mstatus 0x8000000a00007800 f 3 0xffffffffcae65484 mem 0x0000000080020018
core   0: 0x00000000800000a0 (0x020fa207) flw     ft4, 32(t6)
core   0: 3 0x00000000800000a0 (0x020fa207) c768_mstatus 0x8000000a00007800 f 4 0xffffffffda52092e mem 0x0000000080020020
core   0: 0x00000000800000a4 (0x028fa287) flw     ft5, 40(t6)
core   0: 3 0x00000000800000a4 (0x028fa287) c768_mstatus 0x8000000a00007800 f 5 0xffffffffca05cdb4 mem 0x0000000080020028
core   0: 0x00000000800000a8 (0x030fa307) flw     ft6, 48(t6)
core   0: 3 0x00000000800000a8 (0x030fa307) c768_mstatus 0x8000000a00007800 f 6 0xffffffff029fdccc mem 0x0000000080020030
core   0: 0x00000000800000ac (0x038fa387) flw     ft7, 56(t6)
core   0: 3 0x00000000800000ac (0x038fa387) c768_mstatus 0x8000000a00007800 f 7 0xffffffff151ae780 mem 0x0000000080020038
core   0: 0x00000000800000b0 (0x040fa407) flw     fs0, 64(t6)
core   0: 3 0x00000000800000b0 (0x040fa407) c768_mstatus 0x8000000a00007800 f 8 0xffffffff99a504d5 mem 0x0000000080020040
core   0: 0x00000000800000b4 (0x048fa487) flw     fs1, 72(t6)
core   0: 3 0x00000000800000b4 (0x048fa487) c768_mstatus 0x8000000a00007800 f 9 0xffffffff5005b927 mem 0x0000000080020048
core   0: 0x00000000800000b8 (0x050fa507) flw     fa0, 80(t6)
core   0: 3 0x00000000800000b8 (0x050fa507) c768_mstatus 0x8000000a00007800 f10 0xffffffff9a941cc1 mem 0x0000000080020050
core   0: 0x00000000800000bc (0x058fa587) flw     fa1, 88(t6)
core   0: 3 0x00000000800000bc (0x058fa587) c768_mstatus 0x8000000a00007800 f11 0xffffffff6946ea06 mem 0x0000000080020058
core   0: 0x00000000800000c0 (0x060fa607) flw     fa2, 96(t6)
core   0: 3 0x00000000800000c0 (0x060fa607) c768_mstatus 0x8000000a00007800 f12 0xffffffff9c593ee1 mem 0x0000000080020060
core   0: 0x00000000800000c4 (0x068fa687) flw     fa3, 104(t6)
core   0: 3 0x00000000800000c4 (0x068fa687) c768_mstatus 0x8000000a00007800 f13 0xffffffffe3d38100 mem 0x0000000080020068
core   0: 0x00000000800000c8 (0x070fa707) flw     fa4, 112(t6)
core   0: 3 0x00000000800000c8 (0x070fa707) c768_mstatus 0x8000000a00007800 f14 0xffffffff4e7aea46 mem 0x0000000080020070
core   0: 0x00000000800000cc (0x078fa787) flw     fa5, 120(t6)
core   0: 3 0x00000000800000cc (0x078fa787) c768_mstatus 0x8000000a00007800 f15 0xffffffff86ef35f6 mem 0x0000000080020078
core   0: 0x00000000800000d0 (0x080fa807) flw     fa6, 128(t6)
core   0: 3 0x00000000800000d0 (0x080fa807) c768_mstatus 0x8000000a00007800 f16 0xffffffff1cbf1b77 mem 0x0000000080020080
core   0: 0x00000000800000d4 (0x088fa887) flw     fa7, 136(t6)
core   0: 3 0x00000000800000d4 (0x088fa887) c768_mstatus 0x8000000a00007800 f17 0xffffffffd7b145d3 mem 0x0000000080020088
core   0: 0x00000000800000d8 (0x090fa907) flw     fs2, 144(t6)
core   0: 3 0x00000000800000d8 (0x090fa907) c768_mstatus 0x8000000a00007800 f18 0xffffffff7984f132 mem 0x0000000080020090
core   0: 0x00000000800000dc (0x098fa987) flw     fs3, 152(t6)
core   0: 3 0x00000000800000dc (0x098fa987) c768_mstatus 0x8000000a00007800 f19 0xffffffffd8026515 mem 0x0000000080020098
core   0: 0x00000000800000e0 (0x0a0faa07) flw     fs4, 160(t6)
core   0: 3 0x00000000800000e0 (0x0a0faa07) c768_mstatus 0x8000000a00007800 f20 0xffffffff5b472a9e mem 0x00000000800200a0
core   0: 0x00000000800000e4 (0x0a8faa87) flw     fs5, 168(t6)
core   0: 3 0x00000000800000e4 (0x0a8faa87) c768_mstatus 0x8000000a00007800 f21 0xffffffff5cf74c60 mem 0x00000000800200a8
core   0: 0x00000000800000e8 (0x0b0fab07) flw     fs6, 176(t6)
core   0: 3 0x00000000800000e8 (0x0b0fab07) c768_mstatus 0x8000000a00007800 f22 0xffffffff05b76f29 mem 0x00000000800200b0
core   0: 0x00000000800000ec (0x0b8fab87) flw     fs7, 184(t6)
core   0: 3 0x00000000800000ec (0x0b8fab87) c768_mstatus 0x8000000a00007800 f23 0xffffffff5eed5413 mem 0x00000000800200b8
core   0: 0x00000000800000f0 (0x0c0fac07) flw     fs8, 192(t6)
core   0: 3 0x00000000800000f0 (0x0c0fac07) c768_mstatus 0x8000000a00007800 f24 0xffffffff429b2856 mem 0x00000000800200c0
core   0: 0x00000000800000f4 (0x0c8fac87) flw     fs9, 200(t6)
core   0: 3 0x00000000800000f4 (0x0c8fac87) c768_mstatus 0x8000000a00007800 f25 0xffffffff1b0d7ae6 mem 0x00000000800200c8
core   0: 0x00000000800000f8 (0x0d0fad07) flw     fs10, 208(t6)
core   0: 3 0x00000000800000f8 (0x0d0fad07) c768_mstatus 0x8000000a00007800 f26 0xffffffff64da969f mem 0x00000000800200d0
core   0: 0x00000000800000fc (0x0d8fad87) flw     fs11, 216(t6)
core   0: 3 0x00000000800000fc (0x0d8fad87) c768_mstatus 0x8000000a00007800 f27 0xffffffffe51d0922 mem 0x00000000800200d8
core   0: 0x0000000080000100 (0x0e0fae07) flw     ft8, 224(t6)
core   0: 3 0x0000000080000100 (0x0e0fae07) c768_mstatus 0x8000000a00007800 f28 0xffffffffcf40e210 mem 0x00000000800200e0
core   0: 0x0000000080000104 (0x0e8fae87) flw     ft9, 232(t6)
core   0: 3 0x0000000080000104 (0x0e8fae87) c768_mstatus 0x8000000a00007800 f29 0xffffffff4303041c mem 0x00000000800200e8
core   0: 0x0000000080000108 (0x0f0faf07) flw     ft10, 240(t6)
core   0: 3 0x0000000080000108 (0x0f0faf07) c768_mstatus 0x8000000a00007800 f30 0xffffffffa1064cdc mem 0x00000000800200f0
core   0: 0x000000008000010c (0x0f8faf87) flw     ft11, 248(t6)
core   0: 3 0x000000008000010c (0x0f8faf87) c768_mstatus 0x8000000a00007800 f31 0xffffffff42cd9ad8 mem 0x00000000800200f8
core   0: 0x0000000080000110 (0x00008082) ret
core   0: 3 0x0000000080000110 (0x8082)
core   0: 0x0000000080000b22 (0xb0201073) csrw    minstret, zero
core   0: 3 0x0000000080000b22 (0xb0201073) c2818_minstret 0x0000000000000000
core   0: 0x0000000080000b26 (0xf1402573) csrr    a0, mhartid
core   0: 3 0x0000000080000b26 (0xf1402573) x10 0x0000000000000000
core   0: 0x0000000080000b2a (0x00008f39) c.xor   a4, a4
core   0: 3 0x0000000080000b2a (0x8f39) x14 0x0000000000000000
core   0: 0x0000000080000b2c (0x0000458d) c.li    a1, 3
core   0: 3 0x0000000080000b2c (0x458d) x11 0x0000000000000003
core   0: 0x0000000080000b2e (0x000005ca) c.slli  a1, 18
core   0: 3 0x0000000080000b2e (0x05ca) x11 0x00000000000c0000
core   0: 0x0000000080000b30 (0x0000972e) c.add   a4, a1
core   0: 3 0x0000000080000b30 (0x972e) x14 0x00000000000c0000
core   0: 0x0000000080000b32 (0x00004605) c.li    a2, 1
core   0: 3 0x0000000080000b32 (0x4605) x12 0x0000000000000001
core   0: 0x0000000080000b34 (0x00000612) c.slli  a2, 4
core   0: 3 0x0000000080000b34 (0x0612) x12 0x0000000000000010
core   0: 0x0000000080000b36 (0x00009732) c.add   a4, a2
core   0: 3 0x0000000080000b36 (0x9732) x14 0x00000000000c0010
core   0: 0x0000000080000b38 (0x14271573) csrrw   a0, scause, a4
core   0: 3 0x0000000080000b38 (0x14271573) x10 0x0000000000000000 c322_scause 0x00000000000c0010
core   0: 0x0000000080000b3c (0x180066f3) csrrsi  a3, satp, 0
core   0: 3 0x0000000080000b3c (0x180066f3) x13 0x0000000000000000
core   0: 0x0000000080000b40 (0x3001d573) csrrwi  a0, mstatus, 3
core   0: 3 0x0000000080000b40 (0x3001d573) x10 0x8000000a00007800 c768_mstatus 0x0000000a00000002
core   0: 0x0000000080000b44 (0x00000297) auipc   t0, 0x0
core   0: 3 0x0000000080000b44 (0x00000297) x 5 0x0000000080000b44
core   0: 0x0000000080000b48 (0x03c28293) addi    t0, t0, 60
core   0: 3 0x0000000080000b48 (0x03c28293) x 5 0x0000000080000b80
core   0: 0x0000000080000b4c (0x34129073) csrw    mepc, t0
core   0: 3 0x0000000080000b4c (0x34129073) c833_mepc 0x0000000080000b80
core   0: 0x0000000080000b50 (0x00004281) c.li    t0, 0
core   0: 3 0x0000000080000b50 (0x4281) x 5 0x0000000000000000
core   0: 0x0000000080000b52 (0x30200073) mret
core   0: 3 0x0000000080000b52 (0x30200073) c768_mstatus 0x0000000a00000082
core   0: 0x0000000080000b80 (0x9aa0f413) andi    s0, ra, -1622
core   0: 0 0x0000000080000b80 (0x9aa0f413) x 8 0x0000000080000922
core   0: 0x0000000080000b84 (0xb8abcf43) fmadd.s ft10, fs7, fa0, fs7
core   0: exception trap_illegal_instruction, epc 0x0000000080000b84
core   0:           tval 0x00000000b8abcf43
core   0: 0x0000000080000130 (0x00002097) auipc   ra, 0x2
core   0: 3 0x0000000080000130 (0x00002097) x 1 0x0000000080002130
core   0: 0x0000000080000134 (0x0d008093) addi    ra, ra, 208
core   0: 3 0x0000000080000134 (0x0d008093) x 1 0x0000000080002200
core   0: 0x0000000080000138 (0x10002173) csrr    sp, sstatus
core   0: 3 0x0000000080000138 (0x10002173) x 2 0x0000000200000002
core   0: 0x000000008000013c (0x0420ac23) sw      sp, 88(ra)
core   0: 3 0x000000008000013c (0x0420ac23) mem 0x0000000080002258 0x00000002
core   0: 0x0000000080000140 (0x10402173) csrr    sp, sie
core   0: 3 0x0000000080000140 (0x10402173) x 2 0x0000000000000000
core   0: 0x0000000080000144 (0x0620a823) sw      sp, 112(ra)
core   0: 3 0x0000000080000144 (0x0620a823) mem 0x0000000080002270 0x00000000
core   0: 0x0000000080000148 (0x10502173) csrr    sp, stvec
core   0: 3 0x0000000080000148 (0x10502173) x 2 0x0000000080000120
core   0: 0x000000008000014c (0x0620ac23) sw      sp, 120(ra)
core   0: 3 0x000000008000014c (0x0620ac23) mem 0x0000000080002278 0x80000120
core   0: 0x0000000080000150 (0x10602173) csrr    sp, scounteren
core   0: 3 0x0000000080000150 (0x10602173) x 2 0x0000000000000000
core   0: 0x0000000080000154 (0x0820a023) sw      sp, 128(ra)
core   0: 3 0x0000000080000154 (0x0820a023) mem 0x0000000080002280 0x00000000
core   0: 0x0000000080000158 (0x14002173) csrr    sp, sscratch
core   0: 3 0x0000000080000158 (0x14002173) x 2 0x0000000000000000
core   0: 0x000000008000015c (0x0820a423) sw      sp, 136(ra)
core   0: 3 0x000000008000015c (0x0820a423) mem 0x0000000080002288 0x00000000
core   0: 0x0000000080000160 (0x14102173) csrr    sp, sepc
core   0: 3 0x0000000080000160 (0x14102173) x 2 0x0000000000000000
core   0: 0x0000000080000164 (0x0820a823) sw      sp, 144(ra)
core   0: 3 0x0000000080000164 (0x0820a823) mem 0x0000000080002290 0x00000000
core   0: 0x0000000080000168 (0x14202173) csrr    sp, scause
core   0: 3 0x0000000080000168 (0x14202173) x 2 0x00000000000c0010
